Using pre-set license
Built from '6000.0/staging' branch; Version is '6000.0.23f1 (1c4764c07fb4) revision 1853284'; Using compiler version '193933523'; Build Type 'Release'
OS: 'Windows 11  (10.0.26100) 64bit Core' Language: 'pt' Physical Memory: 32361 MB
BatchMode: 1, IsHumanControllingUs: 0, StartBugReporterOnCrash: 0, Is64bit: 1, IsPro: 1

COMMAND LINE ARGUMENTS:
C:\Program Files\Unity\Hub\Editor\6000.0.23f1\Editor\Unity.exe
-adb2
-batchMode
-noUpm
-name
AssetImportWorker1
-projectPath
C:/Users/User/Documents/GitHub/AI-Game/AI-Game
-logFile
Logs/AssetImportWorker1.log
-srvPort
57471
-job-worker-count
5
-background-job-worker-count
8
-asset-garbage-collectors
1
Successfully changed project path to: C:/Users/User/Documents/GitHub/AI-Game/AI-Game
C:/Users/User/Documents/GitHub/AI-Game/AI-Game
[UnityMemory] Configuration Parameters - Can be set up in boot.config
    "memorysetup-bucket-allocator-granularity=16"
    "memorysetup-bucket-allocator-bucket-count=8"
    "memorysetup-bucket-allocator-block-size=33554432"
    "memorysetup-bucket-allocator-block-count=8"
    "memorysetup-main-allocator-block-size=16777216"
    "memorysetup-thread-allocator-block-size=16777216"
    "memorysetup-gfx-main-allocator-block-size=16777216"
    "memorysetup-gfx-thread-allocator-block-size=16777216"
    "memorysetup-cache-allocator-block-size=4194304"
    "memorysetup-typetree-allocator-block-size=2097152"
    "memorysetup-profiler-bucket-allocator-granularity=16"
    "memorysetup-profiler-bucket-allocator-bucket-count=8"
    "memorysetup-profiler-bucket-allocator-block-size=33554432"
    "memorysetup-profiler-bucket-allocator-block-count=8"
    "memorysetup-profiler-allocator-block-size=16777216"
    "memorysetup-profiler-editor-allocator-block-size=1048576"
    "memorysetup-temp-allocator-size-main=16777216"
    "memorysetup-job-temp-allocator-block-size=2097152"
    "memorysetup-job-temp-allocator-block-size-background=1048576"
    "memorysetup-job-temp-allocator-reduction-small-platforms=262144"
    "memorysetup-allocator-temp-initial-block-size-main=262144"
    "memorysetup-allocator-temp-initial-block-size-worker=262144"
    "memorysetup-temp-allocator-size-background-worker=32768"
    "memorysetup-temp-allocator-size-job-worker=262144"
    "memorysetup-temp-allocator-size-preload-manager=33554432"
    "memorysetup-temp-allocator-size-nav-mesh-worker=65536"
    "memorysetup-temp-allocator-size-audio-worker=65536"
    "memorysetup-temp-allocator-size-cloud-worker=32768"
    "memorysetup-temp-allocator-size-gi-baking-worker=262144"
    "memorysetup-temp-allocator-size-gi-baking-worker=262144"
    "memorysetup-temp-allocator-size-gi-baking-worker=262144"
    "memorysetup-temp-allocator-size-gi-baking-worker=262144"
    "memorysetup-temp-allocator-size-gi-baking-worker=262144"
    "memorysetup-temp-allocator-size-gfx=262144"
Player connection [20916]  Target information:

Player connection [20916]  * "[IP] 193.167.1.28 [Port] 0 [Flags] 2 [Guid] 1994308348 [EditorId] 1994308348 [Version] 1048832 [Id] WindowsEditor(7,DESKTOP-9BODUND) [Debug] 1 [PackageName] WindowsEditor [ProjectName] Editor" 

Player connection [20916] Host joined multi-casting on [225.0.0.222:54997]...
Player connection [20916] Host joined alternative multi-casting on [225.0.0.222:34997]...
JobSystem: Creating JobQueue using job-worker-count value 5
[Physics::Module] Initialized fallback backend.
[Physics::Module] Id: 0xdecafbad
Library Redirect Path: Library/
[Physics::Module] Selected backend.
[Physics::Module] Name: PhysX
[Physics::Module] Id: 0xf2b8ea05
[Physics::Module] SDK Version: 4.1.2
[Physics::Module] Integration Version: 1.0.0
[Physics::Module] Threading Mode: Multi-Threaded
Refreshing native plugins compatible for Editor in 1.44 ms, found 3 plugins.
Preloading 0 native plugins for Editor in 0.00 ms.
Initialize engine version: 6000.0.23f1 (1c4764c07fb4)
[Subsystems] Discovering subsystems at path C:/Program Files/Unity/Hub/Editor/6000.0.23f1/Editor/Data/Resources/UnitySubsystems
[Subsystems] Discovering subsystems at path C:/Users/User/Documents/GitHub/AI-Game/AI-Game/Assets
GfxDevice: creating device client; kGfxThreadingModeNonThreaded
Direct3D:
    Version:  Direct3D 11.0 [level 11.1]
    Renderer: NVIDIA GeForce RTX 5060 (ID=0x2d05)
    Vendor:   NVIDIA
    VRAM:     7895 MB
    Driver:   32.0.15.9144
Initialize mono
Mono path[0] = 'C:/Program Files/Unity/Hub/Editor/6000.0.23f1/Editor/Data/Managed'
Mono path[1] = 'C:/Program Files/Unity/Hub/Editor/6000.0.23f1/Editor/Data/MonoBleedingEdge/lib/mono/unityjit-win32'
Mono config path = 'C:/Program Files/Unity/Hub/Editor/6000.0.23f1/Editor/Data/MonoBleedingEdge/etc'
Using monoOptions --debugger-agent=transport=dt_socket,embedding=1,server=y,suspend=n,address=127.0.0.1:56892
Begin MonoManager ReloadAssembly
Registering precompiled unity dll's ...
Register platform support module: C:/Program Files/Unity/Hub/Editor/6000.0.23f1/Editor/Data/PlaybackEngines/WindowsStandaloneSupport/UnityEditor.WindowsStandalone.Extensions.dll
Registered in 0.002742 seconds.
- Loaded All Assemblies, in  0.355 seconds
Native extension for WindowsStandalone target not found
Mono: successfully reloaded assembly
- Finished resetting the current domain, in  0.371 seconds
Domain Reload Profiling: 725ms
	BeginReloadAssembly (115ms)
		ExecutionOrderSort (0ms)
		DisableScriptedObjects (0ms)
		BackupInstance (0ms)
		ReleaseScriptingObjects (0ms)
		CreateAndSetChildDomain (1ms)
	RebuildCommonClasses (33ms)
	RebuildNativeTypeToScriptingClass (12ms)
	initialDomainReloadingComplete (40ms)
	LoadAllAssembliesAndSetupDomain (153ms)
		LoadAssemblies (112ms)
		RebuildTransferFunctionScriptingTraits (0ms)
		AnalyzeDomain (151ms)
			TypeCache.Refresh (149ms)
				TypeCache.ScanAssembly (136ms)
			BuildScriptInfoCaches (0ms)
			ResolveRequiredComponents (0ms)
	FinalizeReload (372ms)
		ReleaseScriptCaches (0ms)
		RebuildScriptCaches (0ms)
		SetupLoadedEditorAssemblies (293ms)
			LogAssemblyErrors (0ms)
			InitializePlatformSupportModulesInManaged (25ms)
			SetLoadedEditorAssemblies (4ms)
			BeforeProcessingInitializeOnLoad (5ms)
			ProcessInitializeOnLoadAttributes (192ms)
			ProcessInitializeOnLoadMethodAttributes (65ms)
			AfterProcessingInitializeOnLoad (3ms)
			EditorAssembliesLoaded (0ms)
		ExecutionOrderSort2 (0ms)
		AwakeInstancesAfterBackupRestoration (0ms)
========================================================================
Worker process is ready to serve import requests
Import Worker Mode flag is 0x00
Begin MonoManager ReloadAssembly
- Loaded All Assemblies, in  1.004 seconds
Refreshing native plugins compatible for Editor in 0.86 ms, found 3 plugins.
Native extension for WindowsStandalone target not found
Mono: successfully reloaded assembly
- Finished resetting the current domain, in  0.889 seconds
Domain Reload Profiling: 1890ms
	BeginReloadAssembly (397ms)
		ExecutionOrderSort (0ms)
		DisableScriptedObjects (6ms)
		BackupInstance (0ms)
		ReleaseScriptingObjects (0ms)
		CreateAndSetChildDomain (40ms)
	RebuildCommonClasses (34ms)
	RebuildNativeTypeToScriptingClass (10ms)
	initialDomainReloadingComplete (36ms)
	LoadAllAssembliesAndSetupDomain (523ms)
		LoadAssemblies (328ms)
		RebuildTransferFunctionScriptingTraits (0ms)
		AnalyzeDomain (299ms)
			TypeCache.Refresh (218ms)
				TypeCache.ScanAssembly (205ms)
			BuildScriptInfoCaches (66ms)
			ResolveRequiredComponents (12ms)
	FinalizeReload (890ms)
		ReleaseScriptCaches (0ms)
		RebuildScriptCaches (0ms)
		SetupLoadedEditorAssemblies (636ms)
			LogAssemblyErrors (0ms)
			InitializePlatformSupportModulesInManaged (2ms)
			SetLoadedEditorAssemblies (5ms)
			BeforeProcessingInitializeOnLoad (66ms)
			ProcessInitializeOnLoadAttributes (467ms)
			ProcessInitializeOnLoadMethodAttributes (88ms)
			AfterProcessingInitializeOnLoad (7ms)
			EditorAssembliesLoaded (0ms)
		ExecutionOrderSort2 (0ms)
		AwakeInstancesAfterBackupRestoration (8ms)
Launched and connected shader compiler UnityShaderCompiler.exe after 0.01 seconds
Refreshing native plugins compatible for Editor in 1.52 ms, found 3 plugins.
Preloading 0 native plugins for Editor in 0.00 ms.
Unloading 212 Unused Serialized files (Serialized files now loaded: 0)
Unloading 6446 unused Assets / (4.0 MB). Loaded Objects now: 7231.
Memory consumption went from 188.8 MB to 184.8 MB.
Total: 12.846400 ms (FindLiveObjects: 1.512000 ms CreateObjectMapping: 0.969900 ms MarkObjects: 7.321600 ms  DeleteObjects: 3.041600 ms)

========================================================================
Received Import Request.
  Time since last request: 11766.029677 seconds.
  path: Assets/Bush2.png
  artifactKey: Guid(badbbd62a67b880488edbde3e8348c66) Importer(815301076,1909f56bfc062723c751e8b465ee728b)
Start importing Assets/Bush2.png using Guid(badbbd62a67b880488edbde3e8348c66) Importer(815301076,1909f56bfc062723c751e8b465ee728b) (PreviewImporter) -> (artifact id: '6e826c9f07ad37720e9ac8f77fc1c07e') in 0.1689681 seconds
Number of updated asset objects reloaded before import = 0Number of asset objects unloaded after import = 3

========================================================================
Received Import Request.
  Time since last request: 0.000022 seconds.
  path: Assets/capitalpath.terrainlayer
  artifactKey: Guid(faf586fd07b30104fab3becd00eeee46) Importer(815301076,1909f56bfc062723c751e8b465ee728b)
Start importing Assets/capitalpath.terrainlayer using Guid(faf586fd07b30104fab3becd00eeee46) Importer(815301076,1909f56bfc062723c751e8b465ee728b) (PreviewImporter) -> (artifact id: '7fabc134698d54e4e28fa340e08ba487') in 0.0257401 seconds
Number of updated asset objects reloaded before import = 0Number of asset objects unloaded after import = 2

========================================================================
Received Import Request.
  Time since last request: 0.000019 seconds.
  path: Assets/Bush_3.png
  artifactKey: Guid(01d194b64bdeaa840901ef172e94d870) Importer(815301076,1909f56bfc062723c751e8b465ee728b)
Start importing Assets/Bush_3.png using Guid(01d194b64bdeaa840901ef172e94d870) Importer(815301076,1909f56bfc062723c751e8b465ee728b) (PreviewImporter) -> (artifact id: 'c5235b5e15a54803639afb86294270c6') in 0.0160642 seconds
Number of updated asset objects reloaded before import = 0Number of asset objects unloaded after import = 3

========================================================================
Received Import Request.
  Time since last request: 0.000019 seconds.
  path: Assets/!Assets.png
  artifactKey: Guid(e30fd2e01a57ba0448aa4c52847f9c56) Importer(815301076,1909f56bfc062723c751e8b465ee728b)
Start importing Assets/!Assets.png using Guid(e30fd2e01a57ba0448aa4c52847f9c56) Importer(815301076,1909f56bfc062723c751e8b465ee728b) (PreviewImporter) -> (artifact id: 'e09095063546768188c6aea6aee08f73') in 0.0166897 seconds
Number of updated asset objects reloaded before import = 0Number of asset objects unloaded after import = 3

========================================================================
Received Import Request.
  Time since last request: 0.000010 seconds.
  path: Assets/BG_Material.mat
  artifactKey: Guid(558f3dc5f7ef76d469b47ed29fa3167f) Importer(815301076,1909f56bfc062723c751e8b465ee728b)
Start importing Assets/BG_Material.mat using Guid(558f3dc5f7ef76d469b47ed29fa3167f) Importer(815301076,1909f56bfc062723c751e8b465ee728b) (PreviewImporter) -> (artifact id: '1970464afab99a54953b30e62879ef77') in 0.465513 seconds
Number of updated asset objects reloaded before import = 0Number of asset objects unloaded after import = 2

========================================================================
Received Import Request.
  Time since last request: 4.558365 seconds.
  path: Assets/New Terrain 7.asset
  artifactKey: Guid(73b7007c78956504d89771baa0991c05) Importer(815301076,1909f56bfc062723c751e8b465ee728b)
Start importing Assets/New Terrain 7.asset using Guid(73b7007c78956504d89771baa0991c05) Importer(815301076,1909f56bfc062723c751e8b465ee728b) (PreviewImporter) -> (artifact id: '886e586b8d7c8c41ed15d09c846ef24b') in 0.0187477 seconds
Number of updated asset objects reloaded before import = 0Number of asset objects unloaded after import = 8

========================================================================
Received Import Request.
  Time since last request: 0.000018 seconds.
  path: Assets/Tree4.png
  artifactKey: Guid(ecc10ae9430eacb4aad59e03af2628e5) Importer(815301076,1909f56bfc062723c751e8b465ee728b)
Start importing Assets/Tree4.png using Guid(ecc10ae9430eacb4aad59e03af2628e5) Importer(815301076,1909f56bfc062723c751e8b465ee728b) (PreviewImporter) -> (artifact id: '9582248aec5590c8f20f7ec377a35be7') in 0.0135092 seconds
Number of updated asset objects reloaded before import = 0Number of asset objects unloaded after import = 3

========================================================================
Received Import Request.
  Time since last request: 0.000017 seconds.
  path: Assets/SlimeBoss.png
  artifactKey: Guid(55bdd68ae2948e0408d766e808afb576) Importer(815301076,1909f56bfc062723c751e8b465ee728b)
Start importing Assets/SlimeBoss.png using Guid(55bdd68ae2948e0408d766e808afb576) Importer(815301076,1909f56bfc062723c751e8b465ee728b) (PreviewImporter) -> (artifact id: '4d70b2f37d877f913384274f2a29e52a') in 0.0164386 seconds
Number of updated asset objects reloaded before import = 0Number of asset objects unloaded after import = 3

========================================================================
Received Import Request.
  Time since last request: 0.000021 seconds.
  path: Assets/RockTile.png
  artifactKey: Guid(ada721aa45f27054c814251e6cce747e) Importer(815301076,1909f56bfc062723c751e8b465ee728b)
Start importing Assets/RockTile.png using Guid(ada721aa45f27054c814251e6cce747e) Importer(815301076,1909f56bfc062723c751e8b465ee728b) (PreviewImporter) -> (artifact id: 'b4b801e595d4a9340debd3b584d3f2b5') in 0.0131337 seconds
Number of updated asset objects reloaded before import = 0Number of asset objects unloaded after import = 3

========================================================================
Received Import Request.
  Time since last request: 0.000020 seconds.
  path: Assets/SwordAttack.png
  artifactKey: Guid(a27a88d468fde64489d2ac11578b99a2) Importer(815301076,1909f56bfc062723c751e8b465ee728b)
Start importing Assets/SwordAttack.png using Guid(a27a88d468fde64489d2ac11578b99a2) Importer(815301076,1909f56bfc062723c751e8b465ee728b) (PreviewImporter) -> (artifact id: '4ffe12af8bc9ab786acede2a13857f26') in 0.0139242 seconds
Number of updated asset objects reloaded before import = 0Number of asset objects unloaded after import = 3

========================================================================
Received Import Request.
  Time since last request: 0.000023 seconds.
  path: Assets/TX Village Props.png
  artifactKey: Guid(7dfad9511d624eb4ab867f1c1119e695) Importer(815301076,1909f56bfc062723c751e8b465ee728b)
Start importing Assets/TX Village Props.png using Guid(7dfad9511d624eb4ab867f1c1119e695) Importer(815301076,1909f56bfc062723c751e8b465ee728b) (PreviewImporter) -> (artifact id: 'e0d3d2d9c27a0b719055da4211b7aa2a') in 0.0624674 seconds
Number of updated asset objects reloaded before import = 0Number of asset objects unloaded after import = 29

========================================================================
Received Import Request.
  Time since last request: 0.000025 seconds.
  path: Assets/Plate3.png
  artifactKey: Guid(a89f42e613b6d014c9ad849567bf78d5) Importer(815301076,1909f56bfc062723c751e8b465ee728b)
Start importing Assets/Plate3.png using Guid(a89f42e613b6d014c9ad849567bf78d5) Importer(815301076,1909f56bfc062723c751e8b465ee728b) (PreviewImporter) -> (artifact id: 'a9bfd5e2f1bd102cde3637a981a84b91') in 0.0142856 seconds
Number of updated asset objects reloaded before import = 0Number of asset objects unloaded after import = 3

========================================================================
Received Import Request.
  Time since last request: 0.000018 seconds.
  path: Assets/Water 1 Swirly Tiles_2.asset
  artifactKey: Guid(6d77e3ba626911f4191369af3b8e983c) Importer(815301076,1909f56bfc062723c751e8b465ee728b)
Start importing Assets/Water 1 Swirly Tiles_2.asset using Guid(6d77e3ba626911f4191369af3b8e983c) Importer(815301076,1909f56bfc062723c751e8b465ee728b) (PreviewImporter) -> (artifact id: '097ae78758cb601e1f8dcd6a7050ca70') in 0.0268457 seconds
Number of updated asset objects reloaded before import = 0Number of asset objects unloaded after import = 3

========================================================================
Received Import Request.
  Time since last request: 0.000022 seconds.
  path: Assets/RectangleBrush.brush
  artifactKey: Guid(0aeb84068d03e9b4ba8b9d1359d649d5) Importer(815301076,1909f56bfc062723c751e8b465ee728b)
Start importing Assets/RectangleBrush.brush using Guid(0aeb84068d03e9b4ba8b9d1359d649d5) Importer(815301076,1909f56bfc062723c751e8b465ee728b) (PreviewImporter) -> (artifact id: '54f0f43989083c3844b3fc7bfb218001') in 0.0183899 seconds
Number of updated asset objects reloaded before import = 0Number of asset objects unloaded after import = 1

========================================================================
Received Import Request.
  Time since last request: 0.000019 seconds.
  path: Assets/NPC.png
  artifactKey: Guid(444c24c9161b22d4b9d665cd790e490f) Importer(815301076,1909f56bfc062723c751e8b465ee728b)
Start importing Assets/NPC.png using Guid(444c24c9161b22d4b9d665cd790e490f) Importer(815301076,1909f56bfc062723c751e8b465ee728b) (PreviewImporter) -> (artifact id: '3cf20514baaed327312c3bd78a867f21') in 0.01457 seconds
Number of updated asset objects reloaded before import = 0Number of asset objects unloaded after import = 3

========================================================================
Received Import Request.
  Time since last request: 0.000018 seconds.
  path: Assets/Portal_Material.mat
  artifactKey: Guid(09b1db9cfbab568418e9641f1cc4e564) Importer(815301076,1909f56bfc062723c751e8b465ee728b)
Start importing Assets/Portal_Material.mat using Guid(09b1db9cfbab568418e9641f1cc4e564) Importer(815301076,1909f56bfc062723c751e8b465ee728b) (PreviewImporter) -> (artifact id: '09df9c65d0c1edd98f8b019238ed7ae0') in 0.0132684 seconds
Number of updated asset objects reloaded before import = 0Number of asset objects unloaded after import = 2

========================================================================
Received Import Request.
  Time since last request: 0.000016 seconds.
  path: Assets/Tree3.png
  artifactKey: Guid(040000a2f7c7ff74f9e58921a8c02429) Importer(815301076,1909f56bfc062723c751e8b465ee728b)
Start importing Assets/Tree3.png using Guid(040000a2f7c7ff74f9e58921a8c02429) Importer(815301076,1909f56bfc062723c751e8b465ee728b) (PreviewImporter) -> (artifact id: 'b79152a0b7ee6d25468ec932f31c0825') in 0.014084 seconds
Number of updated asset objects reloaded before import = 0Number of asset objects unloaded after import = 3

========================================================================
Received Import Request.
  Time since last request: 0.000018 seconds.
  path: Assets/typing-sound-01-229863.mp3
  artifactKey: Guid(f845329b555ab4349b4d4ac3fa49672b) Importer(815301076,1909f56bfc062723c751e8b465ee728b)
Start importing Assets/typing-sound-01-229863.mp3 using Guid(f845329b555ab4349b4d4ac3fa49672b) Importer(815301076,1909f56bfc062723c751e8b465ee728b) (PreviewImporter) -> (artifact id: '268f1044d3754b0bbc46e79b92a97523') in 0.037629 seconds
Number of updated asset objects reloaded before import = 0Number of asset objects unloaded after import = 2

========================================================================
Received Import Request.
  Time since last request: 0.000044 seconds.
  path: Assets/TerrainData_26a3bf05-b35a-4713-b545-43ad42107b40.asset
  artifactKey: Guid(06193766e0b095940a37f7df549d0bd1) Importer(815301076,1909f56bfc062723c751e8b465ee728b)
Start importing Assets/TerrainData_26a3bf05-b35a-4713-b545-43ad42107b40.asset using Guid(06193766e0b095940a37f7df549d0bd1) Importer(815301076,1909f56bfc062723c751e8b465ee728b) (PreviewImporter) -> (artifact id: '74eef07b2e5973d68e8c7e30f79d964c') in 0.015843 seconds
Number of updated asset objects reloaded before import = 0Number of asset objects unloaded after import = 4

========================================================================
Received Import Request.
  Time since last request: 0.000023 seconds.
  path: Assets/NewBrush 2.brush
  artifactKey: Guid(b18a7449bd81b9c4681f7d641dd6c879) Importer(815301076,1909f56bfc062723c751e8b465ee728b)
Start importing Assets/NewBrush 2.brush using Guid(b18a7449bd81b9c4681f7d641dd6c879) Importer(815301076,1909f56bfc062723c751e8b465ee728b) (PreviewImporter) -> (artifact id: 'e50b22d7a7a8854b138817a4e719f6e5') in 0.0107697 seconds
Number of updated asset objects reloaded before import = 0Number of asset objects unloaded after import = 2

========================================================================
Received Import Request.
  Time since last request: 0.000017 seconds.
  path: Assets/TerrainData_fb7c5132-4dab-4d44-af4d-34d7fc13f6ea.asset
  artifactKey: Guid(418cfb16c835f704889f6d5b7e176eaf) Importer(815301076,1909f56bfc062723c751e8b465ee728b)
Start importing Assets/TerrainData_fb7c5132-4dab-4d44-af4d-34d7fc13f6ea.asset using Guid(418cfb16c835f704889f6d5b7e176eaf) Importer(815301076,1909f56bfc062723c751e8b465ee728b) (PreviewImporter) -> (artifact id: '70f65a79d337a03744999e7003444534') in 0.0156853 seconds
Number of updated asset objects reloaded before import = 0Number of asset objects unloaded after import = 3

========================================================================
Received Import Request.
  Time since last request: 0.000018 seconds.
  path: Assets/tileset_1.3.png
  artifactKey: Guid(f753ac5521f95f44d90dbfdc31f1f29f) Importer(815301076,1909f56bfc062723c751e8b465ee728b)
Start importing Assets/tileset_1.3.png using Guid(f753ac5521f95f44d90dbfdc31f1f29f) Importer(815301076,1909f56bfc062723c751e8b465ee728b) (PreviewImporter) -> (artifact id: 'b59555682a053520fb744cc88d15c0e9') in 0.0308295 seconds
Number of updated asset objects reloaded before import = 0Number of asset objects unloaded after import = 17

========================================================================
Received Import Request.
  Time since last request: 0.000019 seconds.
  path: Assets/tavern props.png
  artifactKey: Guid(6ef5e5f944c107d4f89cf961fe73a0f2) Importer(815301076,1909f56bfc062723c751e8b465ee728b)
Start importing Assets/tavern props.png using Guid(6ef5e5f944c107d4f89cf961fe73a0f2) Importer(815301076,1909f56bfc062723c751e8b465ee728b) (PreviewImporter) -> (artifact id: '797f466462760ab46078e819d849564a') in 0.02282 seconds
Number of updated asset objects reloaded before import = 0Number of asset objects unloaded after import = 14

========================================================================
Received Import Request.
  Time since last request: 0.000015 seconds.
  path: Assets/NewBrush.brush
  artifactKey: Guid(8becfa6725764f541be2218677559304) Importer(815301076,1909f56bfc062723c751e8b465ee728b)
Start importing Assets/NewBrush.brush using Guid(8becfa6725764f541be2218677559304) Importer(815301076,1909f56bfc062723c751e8b465ee728b) (PreviewImporter) -> (artifact id: '21a4306a7e43caf2648cff73e2186753') in 0.0120032 seconds
Number of updated asset objects reloaded before import = 0Number of asset objects unloaded after import = 2

========================================================================
Received Import Request.
  Time since last request: 0.000019 seconds.
  path: Assets/TerrainData_29dad66b-d51c-4b4c-80fb-8451445245b7.asset
  artifactKey: Guid(c4834534cb1e9274e8908b0d9b420ebe) Importer(815301076,1909f56bfc062723c751e8b465ee728b)
Start importing Assets/TerrainData_29dad66b-d51c-4b4c-80fb-8451445245b7.asset using Guid(c4834534cb1e9274e8908b0d9b420ebe) Importer(815301076,1909f56bfc062723c751e8b465ee728b) (PreviewImporter) -> (artifact id: '8bcd25405e278913a36d8c8fecd827fc') in 0.0077657 seconds
Number of updated asset objects reloaded before import = 0Number of asset objects unloaded after import = 3

========================================================================
Received Import Request.
  Time since last request: 0.000030 seconds.
  path: Assets/pedra.png
  artifactKey: Guid(dfc7c0041d9afa846ac969868a01de5f) Importer(815301076,1909f56bfc062723c751e8b465ee728b)
Start importing Assets/pedra.png using Guid(dfc7c0041d9afa846ac969868a01de5f) Importer(815301076,1909f56bfc062723c751e8b465ee728b) (PreviewImporter) -> (artifact id: '618255ca35744ef03f863e79182cf829') in 0.0116523 seconds
Number of updated asset objects reloaded before import = 0Number of asset objects unloaded after import = 3

========================================================================
Received Import Request.
  Time since last request: 0.000015 seconds.
  path: Assets/Readme.asset
  artifactKey: Guid(8105016687592461f977c054a80ce2f2) Importer(815301076,1909f56bfc062723c751e8b465ee728b)
Start importing Assets/Readme.asset using Guid(8105016687592461f977c054a80ce2f2) Importer(815301076,1909f56bfc062723c751e8b465ee728b) (PreviewImporter) -> (artifact id: '7564957e633b305f4e69560a9de8e20a') in 0.0017775 seconds
Number of updated asset objects reloaded before import = 0Number of asset objects unloaded after import = 2

========================================================================
Received Import Request.
  Time since last request: 0.000016 seconds.
  path: Assets/Tree2 1.png
  artifactKey: Guid(623514727b1984c448221925f0a1c898) Importer(815301076,1909f56bfc062723c751e8b465ee728b)
Start importing Assets/Tree2 1.png using Guid(623514727b1984c448221925f0a1c898) Importer(815301076,1909f56bfc062723c751e8b465ee728b) (PreviewImporter) -> (artifact id: '7fd9f0d8aab4968a3641f3feee10dd34') in 0.0058845 seconds
Number of updated asset objects reloaded before import = 0Number of asset objects unloaded after import = 3

========================================================================
Received Import Request.
  Time since last request: 0.000016 seconds.
  path: Assets/NewLayer.terrainlayer
  artifactKey: Guid(860324e310fb842438bfbd6bb57f84a4) Importer(815301076,1909f56bfc062723c751e8b465ee728b)
Start importing Assets/NewLayer.terrainlayer using Guid(860324e310fb842438bfbd6bb57f84a4) Importer(815301076,1909f56bfc062723c751e8b465ee728b) (PreviewImporter) -> (artifact id: '66afe70e232aceae49ae94d9ff36a124') in 0.0104703 seconds
Number of updated asset objects reloaded before import = 0Number of asset objects unloaded after import = 2

========================================================================
Received Import Request.
  Time since last request: 1.190819 seconds.
  path: Assets/ManorFloor.png
  artifactKey: Guid(c3ffe45758422ab498c29e02b2c3c54e) Importer(815301076,1909f56bfc062723c751e8b465ee728b)
Start importing Assets/ManorFloor.png using Guid(c3ffe45758422ab498c29e02b2c3c54e) Importer(815301076,1909f56bfc062723c751e8b465ee728b) (PreviewImporter) -> (artifact id: '600b02a103bc94f7b214884862e9ad02') in 0.0130609 seconds
Number of updated asset objects reloaded before import = 0Number of asset objects unloaded after import = 3

========================================================================
Received Import Request.
  Time since last request: 0.000016 seconds.
  path: Assets/New Material.mat
  artifactKey: Guid(4c74ae4e4a319e64ca99d4a102d170b9) Importer(815301076,1909f56bfc062723c751e8b465ee728b)
Start importing Assets/New Material.mat using Guid(4c74ae4e4a319e64ca99d4a102d170b9) Importer(815301076,1909f56bfc062723c751e8b465ee728b) (PreviewImporter) -> (artifact id: '0e9de774e950ad5542714c5754f8d6ea') in 0.0124868 seconds
Number of updated asset objects reloaded before import = 0Number of asset objects unloaded after import = 1

========================================================================
Received Import Request.
  Time since last request: 0.000017 seconds.
  path: Assets/New Terrain.asset
  artifactKey: Guid(22e0a9f7d36f4fa49aa41c81b6391dc3) Importer(815301076,1909f56bfc062723c751e8b465ee728b)
Start importing Assets/New Terrain.asset using Guid(22e0a9f7d36f4fa49aa41c81b6391dc3) Importer(815301076,1909f56bfc062723c751e8b465ee728b) (PreviewImporter) -> (artifact id: 'c51ffe37921586c11944fabaeb299a61') in 0.0148701 seconds
Number of updated asset objects reloaded before import = 0Number of asset objects unloaded after import = 3

========================================================================
Received Import Request.
  Time since last request: 0.000016 seconds.
  path: Assets/New Piskel (2).png
  artifactKey: Guid(64ba1a1ffad616240b9c821560e8b304) Importer(815301076,1909f56bfc062723c751e8b465ee728b)
Start importing Assets/New Piskel (2).png using Guid(64ba1a1ffad616240b9c821560e8b304) Importer(815301076,1909f56bfc062723c751e8b465ee728b) (PreviewImporter) -> (artifact id: '81a7af606241fad20240e31503c71d28') in 0.0132802 seconds
Number of updated asset objects reloaded before import = 0Number of asset objects unloaded after import = 3

========================================================================
Received Import Request.
  Time since last request: 0.000016 seconds.
  path: Assets/Log2.png
  artifactKey: Guid(cb653eb077743b94085e29ec8a6462c3) Importer(815301076,1909f56bfc062723c751e8b465ee728b)
Start importing Assets/Log2.png using Guid(cb653eb077743b94085e29ec8a6462c3) Importer(815301076,1909f56bfc062723c751e8b465ee728b) (PreviewImporter) -> (artifact id: '8545f3457111410c5532ed175a3b6aa4') in 0.0135472 seconds
Number of updated asset objects reloaded before import = 0Number of asset objects unloaded after import = 3

========================================================================
Received Import Request.
  Time since last request: 0.000018 seconds.
  path: Assets/ManaPool.png
  artifactKey: Guid(ff9001564ec40764ab4d605e84499ff7) Importer(815301076,1909f56bfc062723c751e8b465ee728b)
Start importing Assets/ManaPool.png using Guid(ff9001564ec40764ab4d605e84499ff7) Importer(815301076,1909f56bfc062723c751e8b465ee728b) (PreviewImporter) -> (artifact id: '139bf245a367f3a2552ea66b167a727f') in 0.0133909 seconds
Number of updated asset objects reloaded before import = 0Number of asset objects unloaded after import = 3

========================================================================
Received Import Request.
  Time since last request: 0.000023 seconds.
  path: Assets/mainlevbuild.png
  artifactKey: Guid(ecf1699fee0479646bbce57d07a34c6a) Importer(815301076,1909f56bfc062723c751e8b465ee728b)
Start importing Assets/mainlevbuild.png using Guid(ecf1699fee0479646bbce57d07a34c6a) Importer(815301076,1909f56bfc062723c751e8b465ee728b) (PreviewImporter) -> (artifact id: '6249963bd515d6e1ad555a41037df85e') in 0.0295202 seconds
Number of updated asset objects reloaded before import = 0Number of asset objects unloaded after import = 13

========================================================================
Received Import Request.
  Time since last request: 0.000017 seconds.
  path: Assets/House_17.fbx
  artifactKey: Guid(26cdfe56129c2a6469183788c6c7700f) Importer(815301076,1909f56bfc062723c751e8b465ee728b)
Start importing Assets/House_17.fbx using Guid(26cdfe56129c2a6469183788c6c7700f) Importer(815301076,1909f56bfc062723c751e8b465ee728b) (PreviewImporter) -> (artifact id: '47ac6b40519777d051a0bf9e2231992f') in 2.1776439 seconds
Number of updated asset objects reloaded before import = 0Number of asset objects unloaded after import = 486

========================================================================
Received Import Request.
  Time since last request: 0.000027 seconds.
  path: Assets/Gold Coin.png
  artifactKey: Guid(b1cc3de85afc30c4fafc4397f2033e64) Importer(815301076,1909f56bfc062723c751e8b465ee728b)
Start importing Assets/Gold Coin.png using Guid(b1cc3de85afc30c4fafc4397f2033e64) Importer(815301076,1909f56bfc062723c751e8b465ee728b) (PreviewImporter) -> (artifact id: '4693b0507f6b0f91dc05823e010fb7cb') in 0.0167529 seconds
Number of updated asset objects reloaded before import = 0Number of asset objects unloaded after import = 3

========================================================================
Received Import Request.
  Time since last request: 0.000030 seconds.
  path: Assets/house_20.fbx
  artifactKey: Guid(2c23b563ac83a2d46bd9d8a2cd6cd5a5) Importer(815301076,1909f56bfc062723c751e8b465ee728b)
Start importing Assets/house_20.fbx using Guid(2c23b563ac83a2d46bd9d8a2cd6cd5a5) Importer(815301076,1909f56bfc062723c751e8b465ee728b) (PreviewImporter) -> (artifact id: '4b2b309a87da1091b245eb77dc560106') in 0.853339 seconds
Number of updated asset objects reloaded before import = 0Number of asset objects unloaded after import = 831

========================================================================
Received Import Request.
  Time since last request: 0.000019 seconds.
  path: Assets/House_18_Full.fbx
  artifactKey: Guid(52b85805326ee594580bda2ede935b69) Importer(815301076,1909f56bfc062723c751e8b465ee728b)
Start importing Assets/House_18_Full.fbx using Guid(52b85805326ee594580bda2ede935b69) Importer(815301076,1909f56bfc062723c751e8b465ee728b) (PreviewImporter) -> (artifact id: 'cabff95ed1f853d8edefbf43846b2617') in 1.0271349 seconds
Number of updated asset objects reloaded before import = 0Number of asset objects unloaded after import = 1001

========================================================================
Received Import Request.
  Time since last request: 0.000028 seconds.
  path: Assets/house_details.png
  artifactKey: Guid(ebc97f37aea22394ebf5ca7de298ad27) Importer(815301076,1909f56bfc062723c751e8b465ee728b)
Start importing Assets/house_details.png using Guid(ebc97f37aea22394ebf5ca7de298ad27) Importer(815301076,1909f56bfc062723c751e8b465ee728b) (PreviewImporter) -> (artifact id: '2bf45e69ef7ed4b9ddc77df400db8b40') in 0.022469 seconds
Number of updated asset objects reloaded before import = 0Number of asset objects unloaded after import = 5

========================================================================
Received Import Request.
  Time since last request: 0.000016 seconds.
  path: Assets/New Terrain 4.asset
  artifactKey: Guid(8870421307575c748b4de5542d51aef1) Importer(815301076,1909f56bfc062723c751e8b465ee728b)
Start importing Assets/New Terrain 4.asset using Guid(8870421307575c748b4de5542d51aef1) Importer(815301076,1909f56bfc062723c751e8b465ee728b) (PreviewImporter) -> (artifact id: '7aee65522b479099e803ba481d3d17fc') in 0.0193369 seconds
Number of updated asset objects reloaded before import = 0Number of asset objects unloaded after import = 4

========================================================================
Received Import Request.
  Time since last request: 0.000016 seconds.
  path: Assets/New Terrain 1.asset
  artifactKey: Guid(5c31156963495de47aaaae88901b423c) Importer(815301076,1909f56bfc062723c751e8b465ee728b)
Start importing Assets/New Terrain 1.asset using Guid(5c31156963495de47aaaae88901b423c) Importer(815301076,1909f56bfc062723c751e8b465ee728b) (PreviewImporter) -> (artifact id: '85ed7966816191c1d3a81acd18fdb234') in 0.0156178 seconds
Number of updated asset objects reloaded before import = 0Number of asset objects unloaded after import = 3

========================================================================
Received Import Request.
  Time since last request: 0.000017 seconds.
  path: Assets/New Terrain 2.asset
  artifactKey: Guid(3c7c5909ff6bf4b4bb9cd2a540685236) Importer(815301076,1909f56bfc062723c751e8b465ee728b)
Start importing Assets/New Terrain 2.asset using Guid(3c7c5909ff6bf4b4bb9cd2a540685236) Importer(815301076,1909f56bfc062723c751e8b465ee728b) (PreviewImporter) -> (artifact id: 'b4a0a3ef09aea8ea7ceb3005ad2ba83f') in 0.0203006 seconds
Number of updated asset objects reloaded before import = 0Number of asset objects unloaded after import = 4

========================================================================
Received Import Request.
  Time since last request: 0.000016 seconds.
  path: Assets/house_07.fbx
  artifactKey: Guid(8f674134ebef74043aa1e6831de72616) Importer(815301076,1909f56bfc062723c751e8b465ee728b)
Start importing Assets/house_07.fbx using Guid(8f674134ebef74043aa1e6831de72616) Importer(815301076,1909f56bfc062723c751e8b465ee728b) (PreviewImporter) -> (artifact id: 'e310f94cf6e52d86a3ee2f81b8c6f41f') in 0.364508 seconds
Number of updated asset objects reloaded before import = 0Number of asset objects unloaded after import = 296

========================================================================
Received Import Request.
  Time since last request: 0.000020 seconds.
  path: Assets/MediavelFree 1.png
  artifactKey: Guid(556fe508c84408e4482b9c9d474ddaaa) Importer(815301076,1909f56bfc062723c751e8b465ee728b)
Start importing Assets/MediavelFree 1.png using Guid(556fe508c84408e4482b9c9d474ddaaa) Importer(815301076,1909f56bfc062723c751e8b465ee728b) (PreviewImporter) -> (artifact id: 'a57d9df3c020dc4824198c584cf4cae0') in 0.0173498 seconds
Number of updated asset objects reloaded before import = 0Number of asset objects unloaded after import = 5

========================================================================
Received Import Request.
  Time since last request: 0.000040 seconds.
  path: Assets/Icon308.png
  artifactKey: Guid(601eb67d343d41d4f90ad8a9e020f3a0) Importer(815301076,1909f56bfc062723c751e8b465ee728b)
Start importing Assets/Icon308.png using Guid(601eb67d343d41d4f90ad8a9e020f3a0) Importer(815301076,1909f56bfc062723c751e8b465ee728b) (PreviewImporter) -> (artifact id: '9941dc272040f9ff918d08b406968dbd') in 0.0142607 seconds
Number of updated asset objects reloaded before import = 0Number of asset objects unloaded after import = 3

========================================================================
Received Import Request.
  Time since last request: 0.000019 seconds.
  path: Assets/Icon234.png
  artifactKey: Guid(749b466761d3a4841bd6ad0cffaa86b8) Importer(815301076,1909f56bfc062723c751e8b465ee728b)
Start importing Assets/Icon234.png using Guid(749b466761d3a4841bd6ad0cffaa86b8) Importer(815301076,1909f56bfc062723c751e8b465ee728b) (PreviewImporter) -> (artifact id: '5b704d4413ee07f609cdc192837c1c06') in 0.0184684 seconds
Number of updated asset objects reloaded before import = 0Number of asset objects unloaded after import = 3

========================================================================
Received Import Request.
  Time since last request: 0.000019 seconds.
  path: Assets/Icon198.png
  artifactKey: Guid(5a91aff3b64fbf840bcc79fc7e9b8afd) Importer(815301076,1909f56bfc062723c751e8b465ee728b)
Start importing Assets/Icon198.png using Guid(5a91aff3b64fbf840bcc79fc7e9b8afd) Importer(815301076,1909f56bfc062723c751e8b465ee728b) (PreviewImporter) -> (artifact id: 'a9b8137d08d55fbd6bc3503d6175db59') in 0.0132439 seconds
Number of updated asset objects reloaded before import = 0Number of asset objects unloaded after import = 3

========================================================================
Received Import Request.
  Time since last request: 0.000020 seconds.
  path: Assets/casa.png
  artifactKey: Guid(7b46e37eb20349f4c892b82ffaf5a5f5) Importer(815301076,1909f56bfc062723c751e8b465ee728b)
Start importing Assets/casa.png using Guid(7b46e37eb20349f4c892b82ffaf5a5f5) Importer(815301076,1909f56bfc062723c751e8b465ee728b) (PreviewImporter) -> (artifact id: '32b56b4adb17bc51865924e3426afcc1') in 0.0167456 seconds
Number of updated asset objects reloaded before import = 0Number of asset objects unloaded after import = 3

========================================================================
Received Import Request.
  Time since last request: 0.000021 seconds.
  path: Assets/InputSystem_Actions.inputactions
  artifactKey: Guid(052faaac586de48259a63d0c4782560b) Importer(815301076,1909f56bfc062723c751e8b465ee728b)
Start importing Assets/InputSystem_Actions.inputactions using Guid(052faaac586de48259a63d0c4782560b) Importer(815301076,1909f56bfc062723c751e8b465ee728b) (PreviewImporter) -> (artifact id: '5e3f70f0364ded6a0e35bba7f5564b43') in 0.0042594 seconds
Number of updated asset objects reloaded before import = 0Number of asset objects unloaded after import = 20

========================================================================
Received Import Request.
  Time since last request: 0.000017 seconds.
  path: Assets/Horse_fullcolor_black_blacksaddled_bigsaddle.png
  artifactKey: Guid(5f86c56078851b6408bfb97d8273ddaf) Importer(815301076,1909f56bfc062723c751e8b465ee728b)
Start importing Assets/Horse_fullcolor_black_blacksaddled_bigsaddle.png using Guid(5f86c56078851b6408bfb97d8273ddaf) Importer(815301076,1909f56bfc062723c751e8b465ee728b) (PreviewImporter) -> (artifact id: 'd6cfd0421b2540698f827677ea2b267f') in 0.0150327 seconds
Number of updated asset objects reloaded before import = 0Number of asset objects unloaded after import = 3

========================================================================
Received Import Request.
  Time since last request: 0.000017 seconds.
  path: Assets/New Material 1.mat
  artifactKey: Guid(0a4fe62aff80d16438dbdc60a69fce2b) Importer(815301076,1909f56bfc062723c751e8b465ee728b)
Start importing Assets/New Material 1.mat using Guid(0a4fe62aff80d16438dbdc60a69fce2b) Importer(815301076,1909f56bfc062723c751e8b465ee728b) (PreviewImporter) -> (artifact id: 'dcea2b3c814d5866a7b7376e387ffd2e') in 0.013919 seconds
Number of updated asset objects reloaded before import = 0Number of asset objects unloaded after import = 1

========================================================================
Received Import Request.
  Time since last request: 0.000019 seconds.
  path: Assets/Log1.png
  artifactKey: Guid(2239ba28de580374db80c93210e264cd) Importer(815301076,1909f56bfc062723c751e8b465ee728b)
Start importing Assets/Log1.png using Guid(2239ba28de580374db80c93210e264cd) Importer(815301076,1909f56bfc062723c751e8b465ee728b) (PreviewImporter) -> (artifact id: '34b2f2a4ddbc72e4f88964ee9d65e6dc') in 0.0147262 seconds
Number of updated asset objects reloaded before import = 0Number of asset objects unloaded after import = 3

========================================================================
Received Import Request.
  Time since last request: 0.000027 seconds.
  path: Assets/Scenes
  artifactKey: Guid(9c53962885c2c4f449125a979d6ad240) Importer(815301076,1909f56bfc062723c751e8b465ee728b)
Start importing Assets/Scenes using Guid(9c53962885c2c4f449125a979d6ad240) Importer(815301076,1909f56bfc062723c751e8b465ee728b) (PreviewImporter) -> (artifact id: 'ae1af5c61b2fd4bcacfc65f55f013a75') in 0.0004895 seconds
Number of updated asset objects reloaded before import = 0Number of asset objects unloaded after import = 0

========================================================================
Received Import Request.
  Time since last request: 0.000018 seconds.
  path: Assets/ManaPotion.png
  artifactKey: Guid(ab289f05dd440fa459e13ebe6c241b5d) Importer(815301076,1909f56bfc062723c751e8b465ee728b)
Start importing Assets/ManaPotion.png using Guid(ab289f05dd440fa459e13ebe6c241b5d) Importer(815301076,1909f56bfc062723c751e8b465ee728b) (PreviewImporter) -> (artifact id: '5759ee2c5ede85898f55541eb9f277b3') in 0.0146806 seconds
Number of updated asset objects reloaded before import = 0Number of asset objects unloaded after import = 3

========================================================================
Received Import Request.
  Time since last request: 0.000017 seconds.
  path: Assets/house_05.fbx
  artifactKey: Guid(4273aa4adfef84c418b98d4e7fde5896) Importer(815301076,1909f56bfc062723c751e8b465ee728b)
Start importing Assets/house_05.fbx using Guid(4273aa4adfef84c418b98d4e7fde5896) Importer(815301076,1909f56bfc062723c751e8b465ee728b) (PreviewImporter) -> (artifact id: 'c9816292ac7647c5d677263e63e80b57') in 0.3014471 seconds
Number of updated asset objects reloaded before import = 0Number of asset objects unloaded after import = 286

