Using pre-set license
Built from '6000.0/staging' branch; Version is '6000.0.23f1 (1c4764c07fb4) revision 1853284'; Using compiler version '193933523'; Build Type 'Release'
OS: 'Windows 11  (10.0.26100) 64bit Core' Language: 'en' Physical Memory: 16075 MB
BatchMode: 1, IsHumanControllingUs: 0, StartBugReporterOnCrash: 0, Is64bit: 1, IsPro: 1

COMMAND LINE ARGUMENTS:
C:\Program Files\Unity\Hub\Editor\6000.0.23f1\Editor\Unity.exe
-adb2
-batchMode
-noUpm
-name
AssetImportWorker0
-projectPath
C:/Users/joaoc/Documents/GitHub/Projeto-Aplicado/PA_TheReturnOfTheFallen
-logFile
Logs/AssetImportWorker0.log
-srvPort
50475
-job-worker-count
3
-background-job-worker-count
8
-asset-garbage-collectors
1
Successfully changed project path to: C:/Users/joaoc/Documents/GitHub/Projeto-Aplicado/PA_TheReturnOfTheFallen
C:/Users/joaoc/Documents/GitHub/Projeto-Aplicado/PA_TheReturnOfTheFallen
[UnityMemory] Configuration Parameters - Can be set up in boot.config
    "memorysetup-bucket-allocator-granularity=16"
    "memorysetup-bucket-allocator-bucket-count=8"
    "memorysetup-bucket-allocator-block-size=33554432"
    "memorysetup-bucket-allocator-block-count=8"
    "memorysetup-main-allocator-block-size=16777216"
    "memorysetup-thread-allocator-block-size=16777216"
    "memorysetup-gfx-main-allocator-block-size=16777216"
    "memorysetup-gfx-thread-allocator-block-size=16777216"
    "memorysetup-cache-allocator-block-size=4194304"
    "memorysetup-typetree-allocator-block-size=2097152"
    "memorysetup-profiler-bucket-allocator-granularity=16"
    "memorysetup-profiler-bucket-allocator-bucket-count=8"
    "memorysetup-profiler-bucket-allocator-block-size=33554432"
    "memorysetup-profiler-bucket-allocator-block-count=8"
    "memorysetup-profiler-allocator-block-size=16777216"
    "memorysetup-profiler-editor-allocator-block-size=1048576"
    "memorysetup-temp-allocator-size-main=16777216"
    "memorysetup-job-temp-allocator-block-size=2097152"
    "memorysetup-job-temp-allocator-block-size-background=1048576"
    "memorysetup-job-temp-allocator-reduction-small-platforms=262144"
    "memorysetup-allocator-temp-initial-block-size-main=262144"
    "memorysetup-allocator-temp-initial-block-size-worker=262144"
    "memorysetup-temp-allocator-size-background-worker=32768"
    "memorysetup-temp-allocator-size-job-worker=262144"
    "memorysetup-temp-allocator-size-preload-manager=33554432"
    "memorysetup-temp-allocator-size-nav-mesh-worker=65536"
    "memorysetup-temp-allocator-size-audio-worker=65536"
    "memorysetup-temp-allocator-size-cloud-worker=32768"
    "memorysetup-temp-allocator-size-gi-baking-worker=262144"
    "memorysetup-temp-allocator-size-gi-baking-worker=262144"
    "memorysetup-temp-allocator-size-gi-baking-worker=262144"
    "memorysetup-temp-allocator-size-gi-baking-worker=262144"
    "memorysetup-temp-allocator-size-gi-baking-worker=262144"
    "memorysetup-temp-allocator-size-gfx=262144"
Player connection [16208]  Target information:

Player connection [16208]  * "[IP] 193.167.1.4 [Port] 0 [Flags] 2 [Guid] 1265635161 [EditorId] 1265635161 [Version] 1048832 [Id] WindowsEditor(7,DESKTOP-567R3ME) [Debug] 1 [PackageName] WindowsEditor [ProjectName] Editor" 

Player connection [16208] Host joined multi-casting on [225.0.0.222:54997]...
Player connection [16208] Host joined alternative multi-casting on [225.0.0.222:34997]...
JobSystem: Creating JobQueue using job-worker-count value 3
[Physics::Module] Initialized fallback backend.
[Physics::Module] Id: 0xdecafbad
Library Redirect Path: Library/
[Physics::Module] Selected backend.
[Physics::Module] Name: PhysX
[Physics::Module] Id: 0xf2b8ea05
[Physics::Module] SDK Version: 4.1.2
[Physics::Module] Integration Version: 1.0.0
[Physics::Module] Threading Mode: Multi-Threaded
Refreshing native plugins compatible for Editor in 8.28 ms, found 3 plugins.
Preloading 0 native plugins for Editor in 0.00 ms.
Initialize engine version: 6000.0.23f1 (1c4764c07fb4)
[Subsystems] Discovering subsystems at path C:/Program Files/Unity/Hub/Editor/6000.0.23f1/Editor/Data/Resources/UnitySubsystems
[Subsystems] Discovering subsystems at path C:/Users/joaoc/Documents/GitHub/Projeto-Aplicado/PA_TheReturnOfTheFallen/Assets
GfxDevice: creating device client; kGfxThreadingModeNonThreaded
Direct3D:
    Version:  Direct3D 11.0 [level 11.1]
    Renderer: NVIDIA GeForce RTX 3050 Laptop GPU (ID=0x25a2)
    Vendor:   NVIDIA
    VRAM:     3964 MB
    Driver:   32.0.15.8142
Initialize mono
Mono path[0] = 'C:/Program Files/Unity/Hub/Editor/6000.0.23f1/Editor/Data/Managed'
Mono path[1] = 'C:/Program Files/Unity/Hub/Editor/6000.0.23f1/Editor/Data/MonoBleedingEdge/lib/mono/unityjit-win32'
Mono config path = 'C:/Program Files/Unity/Hub/Editor/6000.0.23f1/Editor/Data/MonoBleedingEdge/etc'
Using monoOptions --debugger-agent=transport=dt_socket,embedding=1,server=y,suspend=n,address=127.0.0.1:56484
Begin MonoManager ReloadAssembly
Registering precompiled unity dll's ...
Register platform support module: C:/Program Files/Unity/Hub/Editor/6000.0.23f1/Editor/Data/PlaybackEngines/WindowsStandaloneSupport/UnityEditor.WindowsStandalone.Extensions.dll
Registered in 0.009057 seconds.
- Loaded All Assemblies, in  1.012 seconds
Native extension for WindowsStandalone target not found
Mono: successfully reloaded assembly
- Finished resetting the current domain, in  1.121 seconds
Domain Reload Profiling: 2124ms
	BeginReloadAssembly (362ms)
		ExecutionOrderSort (0ms)
		DisableScriptedObjects (0ms)
		BackupInstance (0ms)
		ReleaseScriptingObjects (0ms)
		CreateAndSetChildDomain (2ms)
	RebuildCommonClasses (97ms)
	RebuildNativeTypeToScriptingClass (30ms)
	initialDomainReloadingComplete (136ms)
	LoadAllAssembliesAndSetupDomain (378ms)
		LoadAssemblies (351ms)
		RebuildTransferFunctionScriptingTraits (0ms)
		AnalyzeDomain (371ms)
			TypeCache.Refresh (367ms)
				TypeCache.ScanAssembly (339ms)
			BuildScriptInfoCaches (0ms)
			ResolveRequiredComponents (1ms)
	FinalizeReload (1121ms)
		ReleaseScriptCaches (0ms)
		RebuildScriptCaches (0ms)
		SetupLoadedEditorAssemblies (976ms)
			LogAssemblyErrors (0ms)
			InitializePlatformSupportModulesInManaged (80ms)
			SetLoadedEditorAssemblies (22ms)
			BeforeProcessingInitializeOnLoad (34ms)
			ProcessInitializeOnLoadAttributes (661ms)
			ProcessInitializeOnLoadMethodAttributes (171ms)
			AfterProcessingInitializeOnLoad (9ms)
			EditorAssembliesLoaded (0ms)
		ExecutionOrderSort2 (0ms)
		AwakeInstancesAfterBackupRestoration (0ms)
========================================================================
Worker process is ready to serve import requests
Import Worker Mode flag is 0x00
Begin MonoManager ReloadAssembly
- Loaded All Assemblies, in  3.687 seconds
Refreshing native plugins compatible for Editor in 3.21 ms, found 3 plugins.
Native extension for WindowsStandalone target not found
Mono: successfully reloaded assembly
- Finished resetting the current domain, in  2.882 seconds
Domain Reload Profiling: 6551ms
	BeginReloadAssembly (1220ms)
		ExecutionOrderSort (0ms)
		DisableScriptedObjects (17ms)
		BackupInstance (0ms)
		ReleaseScriptingObjects (0ms)
		CreateAndSetChildDomain (85ms)
	RebuildCommonClasses (83ms)
	RebuildNativeTypeToScriptingClass (28ms)
	initialDomainReloadingComplete (87ms)
	LoadAllAssembliesAndSetupDomain (2248ms)
		LoadAssemblies (1048ms)
		RebuildTransferFunctionScriptingTraits (0ms)
		AnalyzeDomain (1469ms)
			TypeCache.Refresh (967ms)
				TypeCache.ScanAssembly (890ms)
			BuildScriptInfoCaches (444ms)
			ResolveRequiredComponents (46ms)
	FinalizeReload (2883ms)
		ReleaseScriptCaches (0ms)
		RebuildScriptCaches (0ms)
		SetupLoadedEditorAssemblies (2061ms)
			LogAssemblyErrors (0ms)
			InitializePlatformSupportModulesInManaged (6ms)
			SetLoadedEditorAssemblies (19ms)
			BeforeProcessingInitializeOnLoad (430ms)
			ProcessInitializeOnLoadAttributes (1338ms)
			ProcessInitializeOnLoadMethodAttributes (245ms)
			AfterProcessingInitializeOnLoad (22ms)
			EditorAssembliesLoaded (0ms)
		ExecutionOrderSort2 (0ms)
		AwakeInstancesAfterBackupRestoration (16ms)
Launched and connected shader compiler UnityShaderCompiler.exe after 0.03 seconds
Refreshing native plugins compatible for Editor in 2.51 ms, found 3 plugins.
Preloading 0 native plugins for Editor in 0.00 ms.
Unloading 212 Unused Serialized files (Serialized files now loaded: 0)
Unloading 6443 unused Assets / (4.6 MB). Loaded Objects now: 7228.
Memory consumption went from 186.8 MB to 182.2 MB.
Total: 19.415000 ms (FindLiveObjects: 0.942400 ms CreateObjectMapping: 2.340900 ms MarkObjects: 10.824000 ms  DeleteObjects: 5.302100 ms)

========================================================================
Received Import Request.
  Time since last request: 40549.310378 seconds.
  path: Assets/capitalpath.terrainlayer
  artifactKey: Guid(faf586fd07b30104fab3becd00eeee46) Importer(815301076,1909f56bfc062723c751e8b465ee728b)
Start importing Assets/capitalpath.terrainlayer using Guid(faf586fd07b30104fab3becd00eeee46) Importer(815301076,1909f56bfc062723c751e8b465ee728b) (PreviewImporter) -> (artifact id: '7fabc134698d54e4e28fa340e08ba487') in 0.1337201 seconds
Number of updated asset objects reloaded before import = 0Number of asset objects unloaded after import = 2

========================================================================
Received Import Request.
  Time since last request: 0.000034 seconds.
  path: Assets/Bush_2.png
  artifactKey: Guid(8e0c7babf73e323499131e2ec3c18c39) Importer(815301076,1909f56bfc062723c751e8b465ee728b)
Start importing Assets/Bush_2.png using Guid(8e0c7babf73e323499131e2ec3c18c39) Importer(815301076,1909f56bfc062723c751e8b465ee728b) (PreviewImporter) -> (artifact id: '1f77983fb6f29ac856c7e4be265757ad') in 0.1045521 seconds
Number of updated asset objects reloaded before import = 0Number of asset objects unloaded after import = 3

========================================================================
Received Import Request.
  Time since last request: 0.000055 seconds.
  path: Assets/BlackTile.png
  artifactKey: Guid(fb29e458e28723f4996386b25033e82b) Importer(815301076,1909f56bfc062723c751e8b465ee728b)
Start importing Assets/BlackTile.png using Guid(fb29e458e28723f4996386b25033e82b) Importer(815301076,1909f56bfc062723c751e8b465ee728b) (PreviewImporter) -> (artifact id: '6d9c2085a60485af6f5ece7f3b1d7b69') in 0.0342708 seconds
Number of updated asset objects reloaded before import = 0Number of asset objects unloaded after import = 3

========================================================================
Received Import Request.
  Time since last request: 0.000022 seconds.
  path: Assets/BG_Material.mat
  artifactKey: Guid(558f3dc5f7ef76d469b47ed29fa3167f) Importer(815301076,1909f56bfc062723c751e8b465ee728b)
Start importing Assets/BG_Material.mat using Guid(558f3dc5f7ef76d469b47ed29fa3167f) Importer(815301076,1909f56bfc062723c751e8b465ee728b) (PreviewImporter) -> (artifact id: '1970464afab99a54953b30e62879ef77') in 1.0376624 seconds
Number of updated asset objects reloaded before import = 0Number of asset objects unloaded after import = 2

========================================================================
Received Import Request.
  Time since last request: 8.511025 seconds.
  path: Assets/New Terrain 6.asset
  artifactKey: Guid(e85cbb0c510c81140bd262799710da14) Importer(815301076,1909f56bfc062723c751e8b465ee728b)
Start importing Assets/New Terrain 6.asset using Guid(e85cbb0c510c81140bd262799710da14) Importer(815301076,1909f56bfc062723c751e8b465ee728b) (PreviewImporter) -> (artifact id: '8925d55279754cf6302757ba190199ab') in 0.0576339 seconds
Number of updated asset objects reloaded before import = 0Number of asset objects unloaded after import = 8

========================================================================
Received Import Request.
  Time since last request: 0.000106 seconds.
  path: Assets/Tree4.png
  artifactKey: Guid(ecc10ae9430eacb4aad59e03af2628e5) Importer(815301076,1909f56bfc062723c751e8b465ee728b)
Start importing Assets/Tree4.png using Guid(ecc10ae9430eacb4aad59e03af2628e5) Importer(815301076,1909f56bfc062723c751e8b465ee728b) (PreviewImporter) -> (artifact id: '9582248aec5590c8f20f7ec377a35be7') in 0.0444994 seconds
Number of updated asset objects reloaded before import = 0Number of asset objects unloaded after import = 3

========================================================================
Received Import Request.
  Time since last request: 0.000028 seconds.
  path: Assets/SlimeBoss.png
  artifactKey: Guid(55bdd68ae2948e0408d766e808afb576) Importer(815301076,1909f56bfc062723c751e8b465ee728b)
Start importing Assets/SlimeBoss.png using Guid(55bdd68ae2948e0408d766e808afb576) Importer(815301076,1909f56bfc062723c751e8b465ee728b) (PreviewImporter) -> (artifact id: '4d70b2f37d877f913384274f2a29e52a') in 0.0353246 seconds
Number of updated asset objects reloaded before import = 0Number of asset objects unloaded after import = 3

========================================================================
Received Import Request.
  Time since last request: 0.000045 seconds.
  path: Assets/RockTile.png
  artifactKey: Guid(ada721aa45f27054c814251e6cce747e) Importer(815301076,1909f56bfc062723c751e8b465ee728b)
Start importing Assets/RockTile.png using Guid(ada721aa45f27054c814251e6cce747e) Importer(815301076,1909f56bfc062723c751e8b465ee728b) (PreviewImporter) -> (artifact id: 'b4b801e595d4a9340debd3b584d3f2b5') in 0.0302654 seconds
Number of updated asset objects reloaded before import = 0Number of asset objects unloaded after import = 3

========================================================================
Received Import Request.
  Time since last request: 0.000113 seconds.
  path: Assets/SwordAttack.png
  artifactKey: Guid(a27a88d468fde64489d2ac11578b99a2) Importer(815301076,1909f56bfc062723c751e8b465ee728b)
Start importing Assets/SwordAttack.png using Guid(a27a88d468fde64489d2ac11578b99a2) Importer(815301076,1909f56bfc062723c751e8b465ee728b) (PreviewImporter) -> (artifact id: '4ffe12af8bc9ab786acede2a13857f26') in 0.0312185 seconds
Number of updated asset objects reloaded before import = 0Number of asset objects unloaded after import = 3

========================================================================
Received Import Request.
  Time since last request: 0.000033 seconds.
  path: Assets/TX Village Props.png
  artifactKey: Guid(7dfad9511d624eb4ab867f1c1119e695) Importer(815301076,1909f56bfc062723c751e8b465ee728b)
Start importing Assets/TX Village Props.png using Guid(7dfad9511d624eb4ab867f1c1119e695) Importer(815301076,1909f56bfc062723c751e8b465ee728b) (PreviewImporter) -> (artifact id: 'e0d3d2d9c27a0b719055da4211b7aa2a') in 0.1620285 seconds
Number of updated asset objects reloaded before import = 0Number of asset objects unloaded after import = 29

========================================================================
Received Import Request.
  Time since last request: 0.000047 seconds.
  path: Assets/Plate3.png
  artifactKey: Guid(a89f42e613b6d014c9ad849567bf78d5) Importer(815301076,1909f56bfc062723c751e8b465ee728b)
Start importing Assets/Plate3.png using Guid(a89f42e613b6d014c9ad849567bf78d5) Importer(815301076,1909f56bfc062723c751e8b465ee728b) (PreviewImporter) -> (artifact id: 'a9bfd5e2f1bd102cde3637a981a84b91') in 0.0253139 seconds
Number of updated asset objects reloaded before import = 0Number of asset objects unloaded after import = 3

========================================================================
Received Import Request.
  Time since last request: 0.000076 seconds.
  path: Assets/Water 1 Swirly Tiles_2.asset
  artifactKey: Guid(6d77e3ba626911f4191369af3b8e983c) Importer(815301076,1909f56bfc062723c751e8b465ee728b)
Start importing Assets/Water 1 Swirly Tiles_2.asset using Guid(6d77e3ba626911f4191369af3b8e983c) Importer(815301076,1909f56bfc062723c751e8b465ee728b) (PreviewImporter) -> (artifact id: '097ae78758cb601e1f8dcd6a7050ca70') in 0.0610124 seconds
Number of updated asset objects reloaded before import = 0Number of asset objects unloaded after import = 3

========================================================================
Received Import Request.
  Time since last request: 0.000038 seconds.
  path: Assets/RectangleBrush.brush
  artifactKey: Guid(0aeb84068d03e9b4ba8b9d1359d649d5) Importer(815301076,1909f56bfc062723c751e8b465ee728b)
Start importing Assets/RectangleBrush.brush using Guid(0aeb84068d03e9b4ba8b9d1359d649d5) Importer(815301076,1909f56bfc062723c751e8b465ee728b) (PreviewImporter) -> (artifact id: '54f0f43989083c3844b3fc7bfb218001') in 0.0299116 seconds
Number of updated asset objects reloaded before import = 0Number of asset objects unloaded after import = 1

========================================================================
Received Import Request.
  Time since last request: 0.000032 seconds.
  path: Assets/NPC.png
  artifactKey: Guid(444c24c9161b22d4b9d665cd790e490f) Importer(815301076,1909f56bfc062723c751e8b465ee728b)
Start importing Assets/NPC.png using Guid(444c24c9161b22d4b9d665cd790e490f) Importer(815301076,1909f56bfc062723c751e8b465ee728b) (PreviewImporter) -> (artifact id: '3cf20514baaed327312c3bd78a867f21') in 0.0311534 seconds
Number of updated asset objects reloaded before import = 0Number of asset objects unloaded after import = 3

========================================================================
Received Import Request.
  Time since last request: 0.000031 seconds.
  path: Assets/Portal_Material.mat
  artifactKey: Guid(09b1db9cfbab568418e9641f1cc4e564) Importer(815301076,1909f56bfc062723c751e8b465ee728b)
Start importing Assets/Portal_Material.mat using Guid(09b1db9cfbab568418e9641f1cc4e564) Importer(815301076,1909f56bfc062723c751e8b465ee728b) (PreviewImporter) -> (artifact id: '09df9c65d0c1edd98f8b019238ed7ae0') in 0.0250018 seconds
Number of updated asset objects reloaded before import = 0Number of asset objects unloaded after import = 2

========================================================================
Received Import Request.
  Time since last request: 0.000037 seconds.
  path: Assets/Tree3.png
  artifactKey: Guid(040000a2f7c7ff74f9e58921a8c02429) Importer(815301076,1909f56bfc062723c751e8b465ee728b)
Start importing Assets/Tree3.png using Guid(040000a2f7c7ff74f9e58921a8c02429) Importer(815301076,1909f56bfc062723c751e8b465ee728b) (PreviewImporter) -> (artifact id: 'b79152a0b7ee6d25468ec932f31c0825') in 0.0295148 seconds
Number of updated asset objects reloaded before import = 0Number of asset objects unloaded after import = 3

========================================================================
Received Import Request.
  Time since last request: 0.000023 seconds.
  path: Assets/typing-sound-01-229863.mp3
  artifactKey: Guid(f845329b555ab4349b4d4ac3fa49672b) Importer(815301076,1909f56bfc062723c751e8b465ee728b)
Start importing Assets/typing-sound-01-229863.mp3 using Guid(f845329b555ab4349b4d4ac3fa49672b) Importer(815301076,1909f56bfc062723c751e8b465ee728b) (PreviewImporter) -> (artifact id: '268f1044d3754b0bbc46e79b92a97523') in 0.0649857 seconds
Number of updated asset objects reloaded before import = 0Number of asset objects unloaded after import = 2

========================================================================
Received Import Request.
  Time since last request: 0.000043 seconds.
  path: Assets/TerrainData_26a3bf05-b35a-4713-b545-43ad42107b40.asset
  artifactKey: Guid(06193766e0b095940a37f7df549d0bd1) Importer(815301076,1909f56bfc062723c751e8b465ee728b)
Start importing Assets/TerrainData_26a3bf05-b35a-4713-b545-43ad42107b40.asset using Guid(06193766e0b095940a37f7df549d0bd1) Importer(815301076,1909f56bfc062723c751e8b465ee728b) (PreviewImporter) -> (artifact id: '74eef07b2e5973d68e8c7e30f79d964c') in 0.0262962 seconds
Number of updated asset objects reloaded before import = 0Number of asset objects unloaded after import = 4

========================================================================
Received Import Request.
  Time since last request: 0.000036 seconds.
  path: Assets/NewBrush 2.brush
  artifactKey: Guid(b18a7449bd81b9c4681f7d641dd6c879) Importer(815301076,1909f56bfc062723c751e8b465ee728b)
Start importing Assets/NewBrush 2.brush using Guid(b18a7449bd81b9c4681f7d641dd6c879) Importer(815301076,1909f56bfc062723c751e8b465ee728b) (PreviewImporter) -> (artifact id: 'e50b22d7a7a8854b138817a4e719f6e5') in 0.0213262 seconds
Number of updated asset objects reloaded before import = 0Number of asset objects unloaded after import = 2

========================================================================
Received Import Request.
  Time since last request: 0.000081 seconds.
  path: Assets/seamless dirt.png
  artifactKey: Guid(e4bf7b76fbc33dd46b164fba575b49b7) Importer(815301076,1909f56bfc062723c751e8b465ee728b)
Start importing Assets/seamless dirt.png using Guid(e4bf7b76fbc33dd46b164fba575b49b7) Importer(815301076,1909f56bfc062723c751e8b465ee728b) (PreviewImporter) -> (artifact id: 'cf53abaeb51afb210cfca15f0a17fb8a') in 0.0263707 seconds
Number of updated asset objects reloaded before import = 0Number of asset objects unloaded after import = 2

========================================================================
Received Import Request.
  Time since last request: 0.000025 seconds.
  path: Assets/NewBrush 1.brush
  artifactKey: Guid(dd2c0dad09b9c9347b176ec1e5516b61) Importer(815301076,1909f56bfc062723c751e8b465ee728b)
Start importing Assets/NewBrush 1.brush using Guid(dd2c0dad09b9c9347b176ec1e5516b61) Importer(815301076,1909f56bfc062723c751e8b465ee728b) (PreviewImporter) -> (artifact id: 'a3e873a351ea2eabbf92d29c3388ab92') in 0.0214332 seconds
Number of updated asset objects reloaded before import = 0Number of asset objects unloaded after import = 1

========================================================================
Received Import Request.
  Time since last request: 0.000027 seconds.
  path: Assets/PLACASSTAFF.png
  artifactKey: Guid(552c275e510174c4a9c15b07ff6fc43d) Importer(815301076,1909f56bfc062723c751e8b465ee728b)
Start importing Assets/PLACASSTAFF.png using Guid(552c275e510174c4a9c15b07ff6fc43d) Importer(815301076,1909f56bfc062723c751e8b465ee728b) (PreviewImporter) -> (artifact id: 'a9424bfac30c123c0bccc321b8ab0ffa') in 0.0296273 seconds
Number of updated asset objects reloaded before import = 0Number of asset objects unloaded after import = 3

========================================================================
Received Import Request.
  Time since last request: 0.000039 seconds.
  path: Assets/TerrainData_36f67144-09b8-40a3-9d8e-d999a0d8c03f.asset
  artifactKey: Guid(770a9220059b56848900a93a2abf9875) Importer(815301076,1909f56bfc062723c751e8b465ee728b)
Start importing Assets/TerrainData_36f67144-09b8-40a3-9d8e-d999a0d8c03f.asset using Guid(770a9220059b56848900a93a2abf9875) Importer(815301076,1909f56bfc062723c751e8b465ee728b) (PreviewImporter) -> (artifact id: '9312cac53006ad6b3479371dc1db2b06') in 0.0455918 seconds
Number of updated asset objects reloaded before import = 0Number of asset objects unloaded after import = 4

========================================================================
Received Import Request.
  Time since last request: 0.000050 seconds.
  path: Assets/WeaponsSprites.png
  artifactKey: Guid(bb9bf3e665680614eb1443f6416b682d) Importer(815301076,1909f56bfc062723c751e8b465ee728b)
Start importing Assets/WeaponsSprites.png using Guid(bb9bf3e665680614eb1443f6416b682d) Importer(815301076,1909f56bfc062723c751e8b465ee728b) (PreviewImporter) -> (artifact id: 'b0a68894fd142fc3ba3ee0003910c396') in 0.0336371 seconds
Number of updated asset objects reloaded before import = 0Number of asset objects unloaded after import = 6

========================================================================
Received Import Request.
  Time since last request: 0.000026 seconds.
  path: Assets/TerrainData_29dad66b-d51c-4b4c-80fb-8451445245b7.asset
  artifactKey: Guid(c4834534cb1e9274e8908b0d9b420ebe) Importer(815301076,1909f56bfc062723c751e8b465ee728b)
Start importing Assets/TerrainData_29dad66b-d51c-4b4c-80fb-8451445245b7.asset using Guid(c4834534cb1e9274e8908b0d9b420ebe) Importer(815301076,1909f56bfc062723c751e8b465ee728b) (PreviewImporter) -> (artifact id: '8bcd25405e278913a36d8c8fecd827fc') in 0.0162942 seconds
Number of updated asset objects reloaded before import = 0Number of asset objects unloaded after import = 3

========================================================================
Received Import Request.
  Time since last request: 0.000030 seconds.
  path: Assets/pedra.png
  artifactKey: Guid(dfc7c0041d9afa846ac969868a01de5f) Importer(815301076,1909f56bfc062723c751e8b465ee728b)
Start importing Assets/pedra.png using Guid(dfc7c0041d9afa846ac969868a01de5f) Importer(815301076,1909f56bfc062723c751e8b465ee728b) (PreviewImporter) -> (artifact id: '618255ca35744ef03f863e79182cf829') in 0.0253523 seconds
Number of updated asset objects reloaded before import = 0Number of asset objects unloaded after import = 3

========================================================================
Received Import Request.
  Time since last request: 0.000023 seconds.
  path: Assets/Vulpis.png
  artifactKey: Guid(318066d75e71ae14796c9bb328c4d644) Importer(815301076,1909f56bfc062723c751e8b465ee728b)
Start importing Assets/Vulpis.png using Guid(318066d75e71ae14796c9bb328c4d644) Importer(815301076,1909f56bfc062723c751e8b465ee728b) (PreviewImporter) -> (artifact id: 'ff46ce55d779eeea17891e0f41dc0ab7') in 0.0258188 seconds
Number of updated asset objects reloaded before import = 0Number of asset objects unloaded after import = 3

========================================================================
Received Import Request.
  Time since last request: 0.000037 seconds.
  path: Assets/waiting_-thriller-23475.mp3
  artifactKey: Guid(08db557f1806c574c8d73e47cb8bc81a) Importer(815301076,1909f56bfc062723c751e8b465ee728b)
Start importing Assets/waiting_-thriller-23475.mp3 using Guid(08db557f1806c574c8d73e47cb8bc81a) Importer(815301076,1909f56bfc062723c751e8b465ee728b) (PreviewImporter) -> (artifact id: '34bdf7fa0d1f914b12b250adac0fc604') in 0.0231104 seconds
Number of updated asset objects reloaded before import = 0Number of asset objects unloaded after import = 2

========================================================================
Received Import Request.
  Time since last request: 109.148337 seconds.
  path: Assets/ManorCarpet.png
  artifactKey: Guid(9da15b06c0dfc4d4aa0f6e47192b17cd) Importer(815301076,1909f56bfc062723c751e8b465ee728b)
Start importing Assets/ManorCarpet.png using Guid(9da15b06c0dfc4d4aa0f6e47192b17cd) Importer(815301076,1909f56bfc062723c751e8b465ee728b) (PreviewImporter) -> (artifact id: '93ca4d64a1a9e8951832dce0f8898f55') in 0.0352845 seconds
Number of updated asset objects reloaded before import = 0Number of asset objects unloaded after import = 3

========================================================================
Received Import Request.
  Time since last request: 0.000037 seconds.
  path: Assets/New Terrain 3.asset
  artifactKey: Guid(2aa7c392cfb97b44da5c4774ee2d083e) Importer(815301076,1909f56bfc062723c751e8b465ee728b)
Start importing Assets/New Terrain 3.asset using Guid(2aa7c392cfb97b44da5c4774ee2d083e) Importer(815301076,1909f56bfc062723c751e8b465ee728b) (PreviewImporter) -> (artifact id: 'a7938389521afb33e63cf553ad17e586') in 0.0329789 seconds
Number of updated asset objects reloaded before import = 0Number of asset objects unloaded after import = 8

========================================================================
Received Import Request.
  Time since last request: 0.000026 seconds.
  path: Assets/New Terrain.asset
  artifactKey: Guid(22e0a9f7d36f4fa49aa41c81b6391dc3) Importer(815301076,1909f56bfc062723c751e8b465ee728b)
Start importing Assets/New Terrain.asset using Guid(22e0a9f7d36f4fa49aa41c81b6391dc3) Importer(815301076,1909f56bfc062723c751e8b465ee728b) (PreviewImporter) -> (artifact id: 'c51ffe37921586c11944fabaeb299a61') in 0.032769 seconds
Number of updated asset objects reloaded before import = 0Number of asset objects unloaded after import = 3

========================================================================
Received Import Request.
  Time since last request: 0.000061 seconds.
  path: Assets/New Piskel (2).png
  artifactKey: Guid(64ba1a1ffad616240b9c821560e8b304) Importer(815301076,1909f56bfc062723c751e8b465ee728b)
Start importing Assets/New Piskel (2).png using Guid(64ba1a1ffad616240b9c821560e8b304) Importer(815301076,1909f56bfc062723c751e8b465ee728b) (PreviewImporter) -> (artifact id: '81a7af606241fad20240e31503c71d28') in 0.0248776 seconds
Number of updated asset objects reloaded before import = 0Number of asset objects unloaded after import = 3

========================================================================
Received Import Request.
  Time since last request: 0.000046 seconds.
  path: Assets/New Terrain 5.asset
  artifactKey: Guid(652fdbe67ed988f4385222804fee63d6) Importer(815301076,1909f56bfc062723c751e8b465ee728b)
Start importing Assets/New Terrain 5.asset using Guid(652fdbe67ed988f4385222804fee63d6) Importer(815301076,1909f56bfc062723c751e8b465ee728b) (PreviewImporter) -> (artifact id: '5f750c779115b7061d8d900c9042a4e2') in 0.0355566 seconds
Number of updated asset objects reloaded before import = 0Number of asset objects unloaded after import = 8

========================================================================
Received Import Request.
  Time since last request: 0.000030 seconds.
  path: Assets/New Terrain 1.asset
  artifactKey: Guid(5c31156963495de47aaaae88901b423c) Importer(815301076,1909f56bfc062723c751e8b465ee728b)
Start importing Assets/New Terrain 1.asset using Guid(5c31156963495de47aaaae88901b423c) Importer(815301076,1909f56bfc062723c751e8b465ee728b) (PreviewImporter) -> (artifact id: '85ed7966816191c1d3a81acd18fdb234') in 0.0304453 seconds
Number of updated asset objects reloaded before import = 0Number of asset objects unloaded after import = 3

========================================================================
Received Import Request.
  Time since last request: 0.000035 seconds.
  path: Assets/ManorWindows.png
  artifactKey: Guid(263b3ecbf292e1c42be17575fc5c5f53) Importer(815301076,1909f56bfc062723c751e8b465ee728b)
Start importing Assets/ManorWindows.png using Guid(263b3ecbf292e1c42be17575fc5c5f53) Importer(815301076,1909f56bfc062723c751e8b465ee728b) (PreviewImporter) -> (artifact id: '6525fe6f96e1faa8b7a29f0ff891784d') in 0.0319487 seconds
Number of updated asset objects reloaded before import = 0Number of asset objects unloaded after import = 3

========================================================================
Received Import Request.
  Time since last request: 0.000028 seconds.
  path: Assets/New Material 1.mat
  artifactKey: Guid(0a4fe62aff80d16438dbdc60a69fce2b) Importer(815301076,1909f56bfc062723c751e8b465ee728b)
Start importing Assets/New Material 1.mat using Guid(0a4fe62aff80d16438dbdc60a69fce2b) Importer(815301076,1909f56bfc062723c751e8b465ee728b) (PreviewImporter) -> (artifact id: 'eb73aed2235a09a28289b8b42e97b7d3') in 6.0761845 seconds
Number of updated asset objects reloaded before import = 0Number of asset objects unloaded after import = 1

========================================================================
Received Import Request.
  Time since last request: 0.000058 seconds.
  path: Assets/gameoverscreen.jpg
  artifactKey: Guid(c145a15f4327c84489ff099c881f996a) Importer(815301076,1909f56bfc062723c751e8b465ee728b)
Start importing Assets/gameoverscreen.jpg using Guid(c145a15f4327c84489ff099c881f996a) Importer(815301076,1909f56bfc062723c751e8b465ee728b) (PreviewImporter) -> (artifact id: '9e55537ad1df911ad7fab26286bae8f6') in 0.0346745 seconds
Number of updated asset objects reloaded before import = 0Number of asset objects unloaded after import = 3

========================================================================
Received Import Request.
  Time since last request: 0.000029 seconds.
  path: Assets/FloorArena.png
  artifactKey: Guid(c1102f9bf4f0a2149a0ea4c3aafa8276) Importer(815301076,1909f56bfc062723c751e8b465ee728b)
Start importing Assets/FloorArena.png using Guid(c1102f9bf4f0a2149a0ea4c3aafa8276) Importer(815301076,1909f56bfc062723c751e8b465ee728b) (PreviewImporter) -> (artifact id: '75d4188b60c2c59a35ad1c8a8c1b9cd1') in 0.0290658 seconds
Number of updated asset objects reloaded before import = 0Number of asset objects unloaded after import = 3

========================================================================
Received Import Request.
  Time since last request: 0.000030 seconds.
  path: Assets/HealthDrop.png
  artifactKey: Guid(47c10e14a21fdc74bbd78803c31be7db) Importer(815301076,1909f56bfc062723c751e8b465ee728b)
Start importing Assets/HealthDrop.png using Guid(47c10e14a21fdc74bbd78803c31be7db) Importer(815301076,1909f56bfc062723c751e8b465ee728b) (PreviewImporter) -> (artifact id: 'b9cd7d9cb7ed6c825babcbff54c8aa78') in 0.0263739 seconds
Number of updated asset objects reloaded before import = 0Number of asset objects unloaded after import = 3

========================================================================
Received Import Request.
  Time since last request: 0.000042 seconds.
  path: Assets/House_texture_atlas.png
  artifactKey: Guid(c6f3ecdfaf93c2549a0942b6dff58e9a) Importer(815301076,1909f56bfc062723c751e8b465ee728b)
Start importing Assets/House_texture_atlas.png using Guid(c6f3ecdfaf93c2549a0942b6dff58e9a) Importer(815301076,1909f56bfc062723c751e8b465ee728b) (PreviewImporter) -> (artifact id: '00fb7f83e6aeff3cb8012dea135514a8') in 0.0280017 seconds
Number of updated asset objects reloaded before import = 0Number of asset objects unloaded after import = 2

========================================================================
Received Import Request.
  Time since last request: 0.000063 seconds.
  path: Assets/GrassTexture2.png
  artifactKey: Guid(6fb1a3ceddb39e24e8a09dfb60798f7a) Importer(815301076,1909f56bfc062723c751e8b465ee728b)
Start importing Assets/GrassTexture2.png using Guid(6fb1a3ceddb39e24e8a09dfb60798f7a) Importer(815301076,1909f56bfc062723c751e8b465ee728b) (PreviewImporter) -> (artifact id: '3c9321d27d6ae7d0423fdbe2b50af591') in 0.023792 seconds
Number of updated asset objects reloaded before import = 0Number of asset objects unloaded after import = 3

========================================================================
Received Import Request.
  Time since last request: 0.000023 seconds.
  path: Assets/GameObject.prefab
  artifactKey: Guid(3dc5fa5144dbd464088e1949ddf822e1) Importer(815301076,1909f56bfc062723c751e8b465ee728b)
Start importing Assets/GameObject.prefab using Guid(3dc5fa5144dbd464088e1949ddf822e1) Importer(815301076,1909f56bfc062723c751e8b465ee728b) (PreviewImporter) -> (artifact id: 'd1fd072143b10e638937a98cacae6b2a') in 0.0125226 seconds
Number of updated asset objects reloaded before import = 0Number of asset objects unloaded after import = 4

========================================================================
Received Import Request.
  Time since last request: 0.000025 seconds.
  path: Assets/Gold Coin.asset
  artifactKey: Guid(88ab0e28e98c84545b788d7df7c5f85d) Importer(815301076,1909f56bfc062723c751e8b465ee728b)
Start importing Assets/Gold Coin.asset using Guid(88ab0e28e98c84545b788d7df7c5f85d) Importer(815301076,1909f56bfc062723c751e8b465ee728b) (PreviewImporter) -> (artifact id: 'b7f5e27f84d82e51466ef9aaeaee6adc') in 0.0290089 seconds
Number of updated asset objects reloaded before import = 0Number of asset objects unloaded after import = 4

========================================================================
Received Import Request.
  Time since last request: 0.000034 seconds.
  path: Assets/FogMountaisn.png
  artifactKey: Guid(e46dc86d9b555e64fbcb6cf243ce870c) Importer(815301076,1909f56bfc062723c751e8b465ee728b)
Start importing Assets/FogMountaisn.png using Guid(e46dc86d9b555e64fbcb6cf243ce870c) Importer(815301076,1909f56bfc062723c751e8b465ee728b) (PreviewImporter) -> (artifact id: '52b3f52611bbe26fa6fd0bbe26c74c1e') in 0.0367568 seconds
Number of updated asset objects reloaded before import = 0Number of asset objects unloaded after import = 3

========================================================================
Received Import Request.
  Time since last request: 0.000080 seconds.
  path: Assets/ManaPool.png
  artifactKey: Guid(ff9001564ec40764ab4d605e84499ff7) Importer(815301076,1909f56bfc062723c751e8b465ee728b)
Start importing Assets/ManaPool.png using Guid(ff9001564ec40764ab4d605e84499ff7) Importer(815301076,1909f56bfc062723c751e8b465ee728b) (PreviewImporter) -> (artifact id: '139bf245a367f3a2552ea66b167a727f') in 0.0371974 seconds
Number of updated asset objects reloaded before import = 0Number of asset objects unloaded after import = 3

========================================================================
Received Import Request.
  Time since last request: 0.000037 seconds.
  path: Assets/grasstile.png
  artifactKey: Guid(3349f2272e8df654d9b0c37d27760849) Importer(815301076,1909f56bfc062723c751e8b465ee728b)
Start importing Assets/grasstile.png using Guid(3349f2272e8df654d9b0c37d27760849) Importer(815301076,1909f56bfc062723c751e8b465ee728b) (PreviewImporter) -> (artifact id: 'b0b7f47e83a1e2a5bb6730c1b0833b65') in 0.0254283 seconds
Number of updated asset objects reloaded before import = 0Number of asset objects unloaded after import = 3

========================================================================
Received Import Request.
  Time since last request: 0.000099 seconds.
  path: Assets/House_01.fbx
  artifactKey: Guid(d782b462b4cc327449b58f0960ec7744) Importer(815301076,1909f56bfc062723c751e8b465ee728b)
Start importing Assets/House_01.fbx using Guid(d782b462b4cc327449b58f0960ec7744) Importer(815301076,1909f56bfc062723c751e8b465ee728b) (PreviewImporter) -> (artifact id: 'e06d2c609abe6ba52c78af5df6f1e8fc') in 1.0476945 seconds
Number of updated asset objects reloaded before import = 0Number of asset objects unloaded after import = 331

========================================================================
Received Import Request.
  Time since last request: 0.000051 seconds.
  path: Assets/Casa_Mat.mat
  artifactKey: Guid(70c6735ba21f41043b1ebb1335d7d049) Importer(815301076,1909f56bfc062723c751e8b465ee728b)
Start importing Assets/Casa_Mat.mat using Guid(70c6735ba21f41043b1ebb1335d7d049) Importer(815301076,1909f56bfc062723c751e8b465ee728b) (PreviewImporter) -> (artifact id: '737b6cee968339c93868b5b5e7d09d70') in 0.0491616 seconds
Number of updated asset objects reloaded before import = 0Number of asset objects unloaded after import = 2

========================================================================
Received Import Request.
  Time since last request: 0.000039 seconds.
  path: Assets/Gold Coin.png
  artifactKey: Guid(b1cc3de85afc30c4fafc4397f2033e64) Importer(815301076,1909f56bfc062723c751e8b465ee728b)
Start importing Assets/Gold Coin.png using Guid(b1cc3de85afc30c4fafc4397f2033e64) Importer(815301076,1909f56bfc062723c751e8b465ee728b) (PreviewImporter) -> (artifact id: '4693b0507f6b0f91dc05823e010fb7cb') in 0.0239201 seconds
Number of updated asset objects reloaded before import = 0Number of asset objects unloaded after import = 3

========================================================================
Received Import Request.
  Time since last request: 0.000030 seconds.
  path: Assets/Dirt.png
  artifactKey: Guid(ad207e7661aa65648bc7a1b9f7b925ec) Importer(815301076,1909f56bfc062723c751e8b465ee728b)
Start importing Assets/Dirt.png using Guid(ad207e7661aa65648bc7a1b9f7b925ec) Importer(815301076,1909f56bfc062723c751e8b465ee728b) (PreviewImporter) -> (artifact id: 'f1fd5cebc53c20ff5fda1910c5f6b689') in 0.0399065 seconds
Number of updated asset objects reloaded before import = 0Number of asset objects unloaded after import = 3

========================================================================
Received Import Request.
  Time since last request: 0.000024 seconds.
  path: Assets/House_19.fbx
  artifactKey: Guid(e02930d2802827d458db55ead048f8a0) Importer(815301076,1909f56bfc062723c751e8b465ee728b)
Start importing Assets/House_19.fbx using Guid(e02930d2802827d458db55ead048f8a0) Importer(815301076,1909f56bfc062723c751e8b465ee728b) (PreviewImporter) -> (artifact id: '8d43dbeffc7bda429097b56fcae7d167') in 4.5044976 seconds
Number of updated asset objects reloaded before import = 0Number of asset objects unloaded after import = 941

========================================================================
Received Import Request.
  Time since last request: 0.000050 seconds.
  path: Assets/EnemySlime.png
  artifactKey: Guid(d933e4f0736660a449cc522cbdd4e654) Importer(815301076,1909f56bfc062723c751e8b465ee728b)
Start importing Assets/EnemySlime.png using Guid(d933e4f0736660a449cc522cbdd4e654) Importer(815301076,1909f56bfc062723c751e8b465ee728b) (PreviewImporter) -> (artifact id: '66b57bf3f8dbac88ea244dd6d65cc70d') in 0.0461072 seconds
Number of updated asset objects reloaded before import = 0Number of asset objects unloaded after import = 3

========================================================================
Received Import Request.
  Time since last request: 0.000497 seconds.
  path: Assets/mainlevbuild.png
  artifactKey: Guid(ecf1699fee0479646bbce57d07a34c6a) Importer(815301076,1909f56bfc062723c751e8b465ee728b)
Start importing Assets/mainlevbuild.png using Guid(ecf1699fee0479646bbce57d07a34c6a) Importer(815301076,1909f56bfc062723c751e8b465ee728b) (PreviewImporter) -> (artifact id: '6249963bd515d6e1ad555a41037df85e') in 0.1271099 seconds
Number of updated asset objects reloaded before import = 0Number of asset objects unloaded after import = 13

========================================================================
Received Import Request.
  Time since last request: 0.000059 seconds.
  path: Assets/GrassTexture.png
  artifactKey: Guid(04bc76b3ecadb574797ac4659f368abb) Importer(815301076,1909f56bfc062723c751e8b465ee728b)
Start importing Assets/GrassTexture.png using Guid(04bc76b3ecadb574797ac4659f368abb) Importer(815301076,1909f56bfc062723c751e8b465ee728b) (PreviewImporter) -> (artifact id: '4bdcfdc58e701a9740c9fe508517788e') in 0.0596919 seconds
Number of updated asset objects reloaded before import = 0Number of asset objects unloaded after import = 3

========================================================================
Received Import Request.
  Time since last request: 0.000031 seconds.
  path: Assets/ManaDrop.png
  artifactKey: Guid(6894293bf8be7f5478082c7a67ea98d6) Importer(815301076,1909f56bfc062723c751e8b465ee728b)
Start importing Assets/ManaDrop.png using Guid(6894293bf8be7f5478082c7a67ea98d6) Importer(815301076,1909f56bfc062723c751e8b465ee728b) (PreviewImporter) -> (artifact id: 'd4e04d1c74d0f01d6117d02afdbc3882') in 0.0473137 seconds
Number of updated asset objects reloaded before import = 0Number of asset objects unloaded after import = 3

========================================================================
Received Import Request.
  Time since last request: 0.000106 seconds.
  path: Assets/House_10_full.fbx
  artifactKey: Guid(cc81898a152807247ab2d0860f7d6dc4) Importer(815301076,1909f56bfc062723c751e8b465ee728b)
Start importing Assets/House_10_full.fbx using Guid(cc81898a152807247ab2d0860f7d6dc4) Importer(815301076,1909f56bfc062723c751e8b465ee728b) (PreviewImporter) -> (artifact id: '0430d750cb74091f80bbe7a50173240b') in 2.4346157 seconds
Number of updated asset objects reloaded before import = 0Number of asset objects unloaded after import = 596

========================================================================
Received Import Request.
  Time since last request: 0.000054 seconds.
  path: Assets/house_details.png
  artifactKey: Guid(ebc97f37aea22394ebf5ca7de298ad27) Importer(815301076,1909f56bfc062723c751e8b465ee728b)
Start importing Assets/house_details.png using Guid(ebc97f37aea22394ebf5ca7de298ad27) Importer(815301076,1909f56bfc062723c751e8b465ee728b) (PreviewImporter) -> (artifact id: '2bf45e69ef7ed4b9ddc77df400db8b40') in 0.0661306 seconds
Number of updated asset objects reloaded before import = 0Number of asset objects unloaded after import = 5

========================================================================
Received Import Request.
  Time since last request: 0.000074 seconds.
  path: Assets/Icon303.png
  artifactKey: Guid(3b3d4725f7bf22d49b7fee920fa7ba24) Importer(815301076,1909f56bfc062723c751e8b465ee728b)
Start importing Assets/Icon303.png using Guid(3b3d4725f7bf22d49b7fee920fa7ba24) Importer(815301076,1909f56bfc062723c751e8b465ee728b) (PreviewImporter) -> (artifact id: 'e143df4f8e4b9ff9d17e9e0c47626a34') in 0.0381699 seconds
Number of updated asset objects reloaded before import = 0Number of asset objects unloaded after import = 3

========================================================================
Received Import Request.
  Time since last request: 0.000030 seconds.
  path: Assets/Icon244.png
  artifactKey: Guid(70736cea30baf0c47ad3b2226b8f342a) Importer(815301076,1909f56bfc062723c751e8b465ee728b)
Start importing Assets/Icon244.png using Guid(70736cea30baf0c47ad3b2226b8f342a) Importer(815301076,1909f56bfc062723c751e8b465ee728b) (PreviewImporter) -> (artifact id: '7ff21e2527311e1c876984cb24a7268d') in 0.0434021 seconds
Number of updated asset objects reloaded before import = 0Number of asset objects unloaded after import = 3

========================================================================
Received Import Request.
  Time since last request: 0.000056 seconds.
  path: Assets/house_07.fbx
  artifactKey: Guid(8f674134ebef74043aa1e6831de72616) Importer(815301076,1909f56bfc062723c751e8b465ee728b)
Start importing Assets/house_07.fbx using Guid(8f674134ebef74043aa1e6831de72616) Importer(815301076,1909f56bfc062723c751e8b465ee728b) (PreviewImporter) -> (artifact id: '6981c80acd6b326f3ab64518b142bc99') in 0.8532994 seconds
Number of updated asset objects reloaded before import = 0Number of asset objects unloaded after import = 296

========================================================================
Received Import Request.
  Time since last request: 0.000056 seconds.
  path: Assets/Icon308.png
  artifactKey: Guid(601eb67d343d41d4f90ad8a9e020f3a0) Importer(815301076,1909f56bfc062723c751e8b465ee728b)
Start importing Assets/Icon308.png using Guid(601eb67d343d41d4f90ad8a9e020f3a0) Importer(815301076,1909f56bfc062723c751e8b465ee728b) (PreviewImporter) -> (artifact id: '9941dc272040f9ff918d08b406968dbd') in 0.0316151 seconds
Number of updated asset objects reloaded before import = 0Number of asset objects unloaded after import = 3

========================================================================
Received Import Request.
  Time since last request: 0.000036 seconds.
  path: Assets/Icon234.png
  artifactKey: Guid(749b466761d3a4841bd6ad0cffaa86b8) Importer(815301076,1909f56bfc062723c751e8b465ee728b)
Start importing Assets/Icon234.png using Guid(749b466761d3a4841bd6ad0cffaa86b8) Importer(815301076,1909f56bfc062723c751e8b465ee728b) (PreviewImporter) -> (artifact id: '5b704d4413ee07f609cdc192837c1c06') in 0.0382149 seconds
Number of updated asset objects reloaded before import = 0Number of asset objects unloaded after import = 3

========================================================================
Received Import Request.
  Time since last request: 0.000055 seconds.
  path: Assets/Icon198.png
  artifactKey: Guid(5a91aff3b64fbf840bcc79fc7e9b8afd) Importer(815301076,1909f56bfc062723c751e8b465ee728b)
Start importing Assets/Icon198.png using Guid(5a91aff3b64fbf840bcc79fc7e9b8afd) Importer(815301076,1909f56bfc062723c751e8b465ee728b) (PreviewImporter) -> (artifact id: 'a9b8137d08d55fbd6bc3503d6175db59') in 0.0343656 seconds
Number of updated asset objects reloaded before import = 0Number of asset objects unloaded after import = 3

========================================================================
Received Import Request.
  Time since last request: 0.000039 seconds.
  path: Assets/Matthew Guz/Orbs Effects FREE/Materials/Light Orb/Orb 2.mat
  artifactKey: Guid(9be26beec3151c54ead6de4e3454eeb2) Importer(815301076,1909f56bfc062723c751e8b465ee728b)
Start importing Assets/Matthew Guz/Orbs Effects FREE/Materials/Light Orb/Orb 2.mat using Guid(9be26beec3151c54ead6de4e3454eeb2) Importer(815301076,1909f56bfc062723c751e8b465ee728b) (PreviewImporter) -> (artifact id: '433c7b5ff8c0edbec00746f7110d8821') in 0.1223711 seconds
Number of updated asset objects reloaded before import = 0Number of asset objects unloaded after import = 2

========================================================================
Received Import Request.
  Time since last request: 0.000049 seconds.
  path: Assets/casa.png
  artifactKey: Guid(7b46e37eb20349f4c892b82ffaf5a5f5) Importer(815301076,1909f56bfc062723c751e8b465ee728b)
Start importing Assets/casa.png using Guid(7b46e37eb20349f4c892b82ffaf5a5f5) Importer(815301076,1909f56bfc062723c751e8b465ee728b) (PreviewImporter) -> (artifact id: '32b56b4adb17bc51865924e3426afcc1') in 0.0274187 seconds
Number of updated asset objects reloaded before import = 0Number of asset objects unloaded after import = 3

========================================================================
Received Import Request.
  Time since last request: 0.000030 seconds.
  path: Assets/InputSystem_Actions.inputactions
  artifactKey: Guid(052faaac586de48259a63d0c4782560b) Importer(815301076,1909f56bfc062723c751e8b465ee728b)
Start importing Assets/InputSystem_Actions.inputactions using Guid(052faaac586de48259a63d0c4782560b) Importer(815301076,1909f56bfc062723c751e8b465ee728b) (PreviewImporter) -> (artifact id: '5e3f70f0364ded6a0e35bba7f5564b43') in 0.0087364 seconds
Number of updated asset objects reloaded before import = 0Number of asset objects unloaded after import = 20

========================================================================
Received Import Request.
  Time since last request: 0.000034 seconds.
  path: Assets/Horse_fullcolor_black_blacksaddled_bigsaddle.png
  artifactKey: Guid(5f86c56078851b6408bfb97d8273ddaf) Importer(815301076,1909f56bfc062723c751e8b465ee728b)
Start importing Assets/Horse_fullcolor_black_blacksaddled_bigsaddle.png using Guid(5f86c56078851b6408bfb97d8273ddaf) Importer(815301076,1909f56bfc062723c751e8b465ee728b) (PreviewImporter) -> (artifact id: 'd6cfd0421b2540698f827677ea2b267f') in 0.0393928 seconds
Number of updated asset objects reloaded before import = 0Number of asset objects unloaded after import = 3

========================================================================
Received Import Request.
  Time since last request: 0.000037 seconds.
  path: Assets/Log1.png
  artifactKey: Guid(2239ba28de580374db80c93210e264cd) Importer(815301076,1909f56bfc062723c751e8b465ee728b)
Start importing Assets/Log1.png using Guid(2239ba28de580374db80c93210e264cd) Importer(815301076,1909f56bfc062723c751e8b465ee728b) (PreviewImporter) -> (artifact id: '34b2f2a4ddbc72e4f88964ee9d65e6dc') in 0.0306575 seconds
Number of updated asset objects reloaded before import = 0Number of asset objects unloaded after import = 3

========================================================================
Received Import Request.
  Time since last request: 0.000062 seconds.
  path: Assets/House_09.fbx
  artifactKey: Guid(58a3cf4728710a2438b0d1ebee0c4709) Importer(815301076,1909f56bfc062723c751e8b465ee728b)
Start importing Assets/House_09.fbx using Guid(58a3cf4728710a2438b0d1ebee0c4709) Importer(815301076,1909f56bfc062723c751e8b465ee728b) (PreviewImporter) -> (artifact id: '071cad45bf38ba354de588cc5300e98b') in 1.1443923 seconds
Number of updated asset objects reloaded before import = 0Number of asset objects unloaded after import = 436

========================================================================
Received Import Request.
  Time since last request: 948.134204 seconds.
  path: Assets
  artifactKey: Guid(00000000000000001000000000000000) Importer(815301076,1909f56bfc062723c751e8b465ee728b)
Start importing Assets using Guid(00000000000000001000000000000000) Importer(815301076,1909f56bfc062723c751e8b465ee728b) (PreviewImporter) -> (artifact id: 'c391582d739b6e62a5220f35cbb167ac') in 0.0020429 seconds
Number of updated asset objects reloaded before import = 0Number of asset objects unloaded after import = 0

========================================================================
Received Import Request.
  Time since last request: 1.012061 seconds.
  path: Assets/Scripts
  artifactKey: Guid(9a808badac32edb4d8cde7ca8feb8554) Importer(815301076,1909f56bfc062723c751e8b465ee728b)
Start importing Assets/Scripts using Guid(9a808badac32edb4d8cde7ca8feb8554) Importer(815301076,1909f56bfc062723c751e8b465ee728b) (PreviewImporter) -> (artifact id: 'df613d1de62022b1a4a62e58bb132a71') in 0.0026032 seconds
Number of updated asset objects reloaded before import = 0Number of asset objects unloaded after import = 0

========================================================================
Received Import Request.
  Time since last request: 11.638480 seconds.
  path: Assets/Scripts/AIscipts
  artifactKey: Guid(9cba2acdad04abc448fdfa202a918215) Importer(815301076,1909f56bfc062723c751e8b465ee728b)
Start importing Assets/Scripts/AIscipts using Guid(9cba2acdad04abc448fdfa202a918215) Importer(815301076,1909f56bfc062723c751e8b465ee728b) (PreviewImporter) -> (artifact id: '384deadf70fe5f4b73e899c4735facae') in 0.0011303 seconds
Number of updated asset objects reloaded before import = 0Number of asset objects unloaded after import = 0

========================================================================
Received Prepare
Refreshing native plugins compatible for Editor in 2.85 ms, found 3 plugins.
Preloading 0 native plugins for Editor in 0.00 ms.
Unloading 13 Unused Serialized files (Serialized files now loaded: 0)
Unloading 6435 unused Assets / (3.9 MB). Loaded Objects now: 7534.
Memory consumption went from 163.6 MB to 159.7 MB.
Total: 44.976300 ms (FindLiveObjects: 6.161900 ms CreateObjectMapping: 5.441200 ms MarkObjects: 26.841300 ms  DeleteObjects: 6.528400 ms)

Prepare: number of updated asset objects reloaded= 0
========================================================================
Received Prepare
Refreshing native plugins compatible for Editor in 2.44 ms, found 3 plugins.
Preloading 0 native plugins for Editor in 0.00 ms.
Unloading 13 Unused Serialized files (Serialized files now loaded: 0)
Unloading 6434 unused Assets / (4.5 MB). Loaded Objects now: 7535.
Memory consumption went from 163.6 MB to 159.1 MB.
Total: 22.272600 ms (FindLiveObjects: 1.375300 ms CreateObjectMapping: 2.225400 ms MarkObjects: 14.009400 ms  DeleteObjects: 4.660100 ms)

Prepare: number of updated asset objects reloaded= 0
========================================================================
Received Prepare
Refreshing native plugins compatible for Editor in 3.39 ms, found 3 plugins.
Preloading 0 native plugins for Editor in 0.00 ms.
Unloading 13 Unused Serialized files (Serialized files now loaded: 0)
Unloading 6435 unused Assets / (4.3 MB). Loaded Objects now: 7536.
Memory consumption went from 163.6 MB to 159.3 MB.
Total: 21.686400 ms (FindLiveObjects: 1.331400 ms CreateObjectMapping: 2.872700 ms MarkObjects: 13.394000 ms  DeleteObjects: 4.085500 ms)

Prepare: number of updated asset objects reloaded= 0
========================================================================
Received Import Request.
  Time since last request: 9.716094 seconds.
  path: Assets/Scripts/AIscipts/NewEmptyCSharpScript.cs
  artifactKey: Guid(9c2287dcf5bb2f744b07df7abe5d27e1) Importer(815301076,1909f56bfc062723c751e8b465ee728b)
Start importing Assets/Scripts/AIscipts/NewEmptyCSharpScript.cs using Guid(9c2287dcf5bb2f744b07df7abe5d27e1) Importer(815301076,1909f56bfc062723c751e8b465ee728b) (PreviewImporter) -> (artifact id: '85f11fd61c2e9b8a818dad9a26a27717') in 0.0340993 seconds
Number of updated asset objects reloaded before import = 0Number of asset objects unloaded after import = 0

========================================================================
Received Import Request.
  Time since last request: 12.935725 seconds.
  path: Assets/Scripts/AIscipts/AStarGrid.cs
  artifactKey: Guid(9c2287dcf5bb2f744b07df7abe5d27e1) Importer(815301076,1909f56bfc062723c751e8b465ee728b)
Start importing Assets/Scripts/AIscipts/AStarGrid.cs using Guid(9c2287dcf5bb2f744b07df7abe5d27e1) Importer(815301076,1909f56bfc062723c751e8b465ee728b) (PreviewImporter) -> (artifact id: 'c07d4e797f36d2e7aef3c430abd843a8') in 0.0008503 seconds
Number of updated asset objects reloaded before import = 0Number of asset objects unloaded after import = 0

========================================================================
Received Import Request.
  Time since last request: 8.989980 seconds.
  path: Assets/Scripts/AIscipts/NewEmptyCSharpScript1.cs
  artifactKey: Guid(9abc7adf1a882c243b25277ae3083a64) Importer(815301076,1909f56bfc062723c751e8b465ee728b)
Start importing Assets/Scripts/AIscipts/NewEmptyCSharpScript1.cs using Guid(9abc7adf1a882c243b25277ae3083a64) Importer(815301076,1909f56bfc062723c751e8b465ee728b) (PreviewImporter) -> (artifact id: '0820799023dd220f60fb03fa067bf731') in 0.0025142 seconds
Number of updated asset objects reloaded before import = 0Number of asset objects unloaded after import = 0

========================================================================
Received Import Request.
  Time since last request: 33.313335 seconds.
  path: Assets/Scripts/AIscipts/EnemyDecisionTree.cs
  artifactKey: Guid(9abc7adf1a882c243b25277ae3083a64) Importer(815301076,1909f56bfc062723c751e8b465ee728b)
Start importing Assets/Scripts/AIscipts/EnemyDecisionTree.cs using Guid(9abc7adf1a882c243b25277ae3083a64) Importer(815301076,1909f56bfc062723c751e8b465ee728b) (PreviewImporter) -> (artifact id: '370fb8e318b51312ac8d524993a5d368') in 0.0014978 seconds
Number of updated asset objects reloaded before import = 0Number of asset objects unloaded after import = 0

========================================================================
Received Import Request.
  Time since last request: 4.610561 seconds.
  path: Assets/Scripts/AIscipts/AStarGrid.cs
  artifactKey: Guid(9c2287dcf5bb2f744b07df7abe5d27e1) Importer(815301076,1909f56bfc062723c751e8b465ee728b)
Start importing Assets/Scripts/AIscipts/AStarGrid.cs using Guid(9c2287dcf5bb2f744b07df7abe5d27e1) Importer(815301076,1909f56bfc062723c751e8b465ee728b) (PreviewImporter) -> (artifact id: 'c07d4e797f36d2e7aef3c430abd843a8') in 0.0011713 seconds
Number of updated asset objects reloaded before import = 0Number of asset objects unloaded after import = 0

========================================================================
Received Import Request.
  Time since last request: 1.879215 seconds.
  path: Assets/Scripts/AIscipts/NewEmptyCSharpScript2.cs
  artifactKey: Guid(3f7dc7dd045a83f4ea835ee3119c0a5c) Importer(815301076,1909f56bfc062723c751e8b465ee728b)
Start importing Assets/Scripts/AIscipts/NewEmptyCSharpScript2.cs using Guid(3f7dc7dd045a83f4ea835ee3119c0a5c) Importer(815301076,1909f56bfc062723c751e8b465ee728b) (PreviewImporter) -> (artifact id: '139135b5dacf0e06bd636561dcf53dec') in 0.0014606 seconds
Number of updated asset objects reloaded before import = 0Number of asset objects unloaded after import = 0

========================================================================
Received Import Request.
  Time since last request: 4.243411 seconds.
  path: Assets/Scripts/AIscipts/NewEmptyCSharpScript.cs
  artifactKey: Guid(9c2287dcf5bb2f744b07df7abe5d27e1) Importer(815301076,1909f56bfc062723c751e8b465ee728b)
Start importing Assets/Scripts/AIscipts/NewEmptyCSharpScript.cs using Guid(9c2287dcf5bb2f744b07df7abe5d27e1) Importer(815301076,1909f56bfc062723c751e8b465ee728b) (PreviewImporter) -> (artifact id: '85f11fd61c2e9b8a818dad9a26a27717') in 0.0014176 seconds
Number of updated asset objects reloaded before import = 0Number of asset objects unloaded after import = 0

========================================================================
Received Import Request.
  Time since last request: 0.416850 seconds.
  path: Assets/Scripts/AIscipts/EnemyDecisionTree.cs
  artifactKey: Guid(9abc7adf1a882c243b25277ae3083a64) Importer(815301076,1909f56bfc062723c751e8b465ee728b)
Start importing Assets/Scripts/AIscipts/EnemyDecisionTree.cs using Guid(9abc7adf1a882c243b25277ae3083a64) Importer(815301076,1909f56bfc062723c751e8b465ee728b) (PreviewImporter) -> (artifact id: '370fb8e318b51312ac8d524993a5d368') in 0.0017048 seconds
Number of updated asset objects reloaded before import = 0Number of asset objects unloaded after import = 0

========================================================================
Received Import Request.
  Time since last request: 0.791459 seconds.
  path: Assets/Scripts/AIscipts/NewEmptyCSharpScript2.cs
  artifactKey: Guid(3f7dc7dd045a83f4ea835ee3119c0a5c) Importer(815301076,1909f56bfc062723c751e8b465ee728b)
Start importing Assets/Scripts/AIscipts/NewEmptyCSharpScript2.cs using Guid(3f7dc7dd045a83f4ea835ee3119c0a5c) Importer(815301076,1909f56bfc062723c751e8b465ee728b) (PreviewImporter) -> (artifact id: '139135b5dacf0e06bd636561dcf53dec') in 0.0010394 seconds
Number of updated asset objects reloaded before import = 0Number of asset objects unloaded after import = 0

========================================================================
Received Import Request.
  Time since last request: 8.157240 seconds.
  path: Assets/Scripts/AIscipts/EnemyStates.cs
  artifactKey: Guid(3f7dc7dd045a83f4ea835ee3119c0a5c) Importer(815301076,1909f56bfc062723c751e8b465ee728b)
Start importing Assets/Scripts/AIscipts/EnemyStates.cs using Guid(3f7dc7dd045a83f4ea835ee3119c0a5c) Importer(815301076,1909f56bfc062723c751e8b465ee728b) (PreviewImporter) -> (artifact id: '7e387b42700cca7fa397e158b49f1568') in 0.001939 seconds
Number of updated asset objects reloaded before import = 0Number of asset objects unloaded after import = 0

========================================================================
Received Import Request.
  Time since last request: 11.485623 seconds.
  path: Assets/Scripts/AIscipts/NewEmptyCSharpScript.cs
  artifactKey: Guid(9c2287dcf5bb2f744b07df7abe5d27e1) Importer(815301076,1909f56bfc062723c751e8b465ee728b)
Start importing Assets/Scripts/AIscipts/NewEmptyCSharpScript.cs using Guid(9c2287dcf5bb2f744b07df7abe5d27e1) Importer(815301076,1909f56bfc062723c751e8b465ee728b) (PreviewImporter) -> (artifact id: '85f11fd61c2e9b8a818dad9a26a27717') in 0.0011609 seconds
Number of updated asset objects reloaded before import = 0Number of asset objects unloaded after import = 0

========================================================================
Received Import Request.
  Time since last request: 14.911532 seconds.
  path: Assets/Scripts/AIscipts/AStarGrid.cs
  artifactKey: Guid(9c2287dcf5bb2f744b07df7abe5d27e1) Importer(815301076,1909f56bfc062723c751e8b465ee728b)
Start importing Assets/Scripts/AIscipts/AStarGrid.cs using Guid(9c2287dcf5bb2f744b07df7abe5d27e1) Importer(815301076,1909f56bfc062723c751e8b465ee728b) (PreviewImporter) -> (artifact id: 'c07d4e797f36d2e7aef3c430abd843a8') in 0.0011974 seconds
Number of updated asset objects reloaded before import = 0Number of asset objects unloaded after import = 0

========================================================================
Received Import Request.
  Time since last request: 3.453346 seconds.
  path: Assets/Scripts/AIscipts/EnemyDecisionTree.cs
  artifactKey: Guid(9abc7adf1a882c243b25277ae3083a64) Importer(815301076,1909f56bfc062723c751e8b465ee728b)
Start importing Assets/Scripts/AIscipts/EnemyDecisionTree.cs using Guid(9abc7adf1a882c243b25277ae3083a64) Importer(815301076,1909f56bfc062723c751e8b465ee728b) (PreviewImporter) -> (artifact id: '370fb8e318b51312ac8d524993a5d368') in 0.0013197 seconds
Number of updated asset objects reloaded before import = 0Number of asset objects unloaded after import = 0

========================================================================
Received Import Request.
  Time since last request: 1.256562 seconds.
  path: Assets/Scripts/AIscipts/EnemyStates.cs
  artifactKey: Guid(3f7dc7dd045a83f4ea835ee3119c0a5c) Importer(815301076,1909f56bfc062723c751e8b465ee728b)
Start importing Assets/Scripts/AIscipts/EnemyStates.cs using Guid(3f7dc7dd045a83f4ea835ee3119c0a5c) Importer(815301076,1909f56bfc062723c751e8b465ee728b) (PreviewImporter) -> (artifact id: '7e387b42700cca7fa397e158b49f1568') in 0.0018075 seconds
Number of updated asset objects reloaded before import = 0Number of asset objects unloaded after import = 0

========================================================================
Received Prepare
Refreshing native plugins compatible for Editor in 19.83 ms, found 3 plugins.
Preloading 0 native plugins for Editor in 0.00 ms.
Unloading 13 Unused Serialized files (Serialized files now loaded: 0)
Unloading 6435 unused Assets / (4.0 MB). Loaded Objects now: 7536.
Memory consumption went from 163.5 MB to 159.6 MB.
Total: 46.192000 ms (FindLiveObjects: 2.195200 ms CreateObjectMapping: 4.899300 ms MarkObjects: 33.641300 ms  DeleteObjects: 5.453200 ms)

Prepare: number of updated asset objects reloaded= 0
========================================================================
Received Prepare
Begin MonoManager ReloadAssembly
- Loaded All Assemblies, in  1.832 seconds
Refreshing native plugins compatible for Editor in 3.15 ms, found 3 plugins.
Native extension for WindowsStandalone target not found
Mono: successfully reloaded assembly
- Finished resetting the current domain, in  1.814 seconds
Domain Reload Profiling: 3642ms
	BeginReloadAssembly (540ms)
		ExecutionOrderSort (0ms)
		DisableScriptedObjects (38ms)
		BackupInstance (0ms)
		ReleaseScriptingObjects (0ms)
		CreateAndSetChildDomain (147ms)
	RebuildCommonClasses (86ms)
	RebuildNativeTypeToScriptingClass (29ms)
	initialDomainReloadingComplete (69ms)
	LoadAllAssembliesAndSetupDomain (1103ms)
		LoadAssemblies (794ms)
		RebuildTransferFunctionScriptingTraits (0ms)
		AnalyzeDomain (566ms)
			TypeCache.Refresh (24ms)
				TypeCache.ScanAssembly (3ms)
			BuildScriptInfoCaches (505ms)
			ResolveRequiredComponents (29ms)
	FinalizeReload (1815ms)
		ReleaseScriptCaches (0ms)
		RebuildScriptCaches (0ms)
		SetupLoadedEditorAssemblies (1100ms)
			LogAssemblyErrors (0ms)
			InitializePlatformSupportModulesInManaged (4ms)
			SetLoadedEditorAssemblies (7ms)
			BeforeProcessingInitializeOnLoad (216ms)
			ProcessInitializeOnLoadAttributes (769ms)
			ProcessInitializeOnLoadMethodAttributes (89ms)
			AfterProcessingInitializeOnLoad (15ms)
			EditorAssembliesLoaded (0ms)
		ExecutionOrderSort2 (0ms)
		AwakeInstancesAfterBackupRestoration (24ms)
Refreshing native plugins compatible for Editor in 2.69 ms, found 3 plugins.
Preloading 0 native plugins for Editor in 0.00 ms.
Unloading 23 Unused Serialized files (Serialized files now loaded: 0)
Unloading 6442 unused Assets / (4.0 MB). Loaded Objects now: 7431.
Memory consumption went from 174.1 MB to 170.1 MB.
Total: 24.608800 ms (FindLiveObjects: 2.634100 ms CreateObjectMapping: 4.827000 ms MarkObjects: 12.549900 ms  DeleteObjects: 4.595800 ms)

Prepare: number of updated asset objects reloaded= 0
========================================================================
Received Import Request.
  Time since last request: 72.723134 seconds.
  path: Assets/Scripts/AIscipts/EnemyStates.cs
  artifactKey: Guid(3f7dc7dd045a83f4ea835ee3119c0a5c) Importer(815301076,1909f56bfc062723c751e8b465ee728b)
Start importing Assets/Scripts/AIscipts/EnemyStates.cs using Guid(3f7dc7dd045a83f4ea835ee3119c0a5c) Importer(815301076,1909f56bfc062723c751e8b465ee728b) (PreviewImporter) -> (artifact id: '084d3907c35c03859eb8726bba8a3df5') in 0.0384404 seconds
Number of updated asset objects reloaded before import = 0Number of asset objects unloaded after import = 0

========================================================================
Received Prepare
Begin MonoManager ReloadAssembly
- Loaded All Assemblies, in  1.389 seconds
Refreshing native plugins compatible for Editor in 1.58 ms, found 3 plugins.
Native extension for WindowsStandalone target not found
Mono: successfully reloaded assembly
- Finished resetting the current domain, in  1.532 seconds
Domain Reload Profiling: 2919ms
	BeginReloadAssembly (387ms)
		ExecutionOrderSort (0ms)
		DisableScriptedObjects (13ms)
		BackupInstance (0ms)
		ReleaseScriptingObjects (0ms)
		CreateAndSetChildDomain (87ms)
	RebuildCommonClasses (90ms)
	RebuildNativeTypeToScriptingClass (24ms)
	initialDomainReloadingComplete (59ms)
	LoadAllAssembliesAndSetupDomain (825ms)
		LoadAssemblies (679ms)
		RebuildTransferFunctionScriptingTraits (0ms)
		AnalyzeDomain (364ms)
			TypeCache.Refresh (12ms)
				TypeCache.ScanAssembly (0ms)
			BuildScriptInfoCaches (328ms)
			ResolveRequiredComponents (17ms)
	FinalizeReload (1533ms)
		ReleaseScriptCaches (0ms)
		RebuildScriptCaches (0ms)
		SetupLoadedEditorAssemblies (1033ms)
			LogAssemblyErrors (0ms)
			InitializePlatformSupportModulesInManaged (3ms)
			SetLoadedEditorAssemblies (7ms)
			BeforeProcessingInitializeOnLoad (160ms)
			ProcessInitializeOnLoadAttributes (746ms)
			ProcessInitializeOnLoadMethodAttributes (103ms)
			AfterProcessingInitializeOnLoad (13ms)
			EditorAssembliesLoaded (0ms)
		ExecutionOrderSort2 (0ms)
		AwakeInstancesAfterBackupRestoration (21ms)
Refreshing native plugins compatible for Editor in 1.54 ms, found 3 plugins.
Preloading 0 native plugins for Editor in 0.00 ms.
Unloading 13 Unused Serialized files (Serialized files now loaded: 0)
Unloading 6442 unused Assets / (4.4 MB). Loaded Objects now: 7433.
Memory consumption went from 172.2 MB to 167.8 MB.
Total: 12.521200 ms (FindLiveObjects: 0.904800 ms CreateObjectMapping: 0.789800 ms MarkObjects: 6.636300 ms  DeleteObjects: 4.187200 ms)

Prepare: number of updated asset objects reloaded= 0
========================================================================
Received Prepare
Begin MonoManager ReloadAssembly
- Loaded All Assemblies, in  1.088 seconds
Refreshing native plugins compatible for Editor in 1.76 ms, found 3 plugins.
Native extension for WindowsStandalone target not found
Mono: successfully reloaded assembly
- Finished resetting the current domain, in  1.244 seconds
Domain Reload Profiling: 2330ms
	BeginReloadAssembly (288ms)
		ExecutionOrderSort (0ms)
		DisableScriptedObjects (10ms)
		BackupInstance (0ms)
		ReleaseScriptingObjects (0ms)
		CreateAndSetChildDomain (68ms)
	RebuildCommonClasses (48ms)
	RebuildNativeTypeToScriptingClass (19ms)
	initialDomainReloadingComplete (38ms)
	LoadAllAssembliesAndSetupDomain (693ms)
		LoadAssemblies (526ms)
		RebuildTransferFunctionScriptingTraits (0ms)
		AnalyzeDomain (313ms)
			TypeCache.Refresh (12ms)
				TypeCache.ScanAssembly (0ms)
			BuildScriptInfoCaches (280ms)
			ResolveRequiredComponents (15ms)
	FinalizeReload (1245ms)
		ReleaseScriptCaches (0ms)
		RebuildScriptCaches (0ms)
		SetupLoadedEditorAssemblies (829ms)
			LogAssemblyErrors (0ms)
			InitializePlatformSupportModulesInManaged (3ms)
			SetLoadedEditorAssemblies (5ms)
			BeforeProcessingInitializeOnLoad (118ms)
			ProcessInitializeOnLoadAttributes (610ms)
			ProcessInitializeOnLoadMethodAttributes (79ms)
			AfterProcessingInitializeOnLoad (13ms)
			EditorAssembliesLoaded (0ms)
		ExecutionOrderSort2 (0ms)
		AwakeInstancesAfterBackupRestoration (21ms)
Refreshing native plugins compatible for Editor in 1.63 ms, found 3 plugins.
Preloading 0 native plugins for Editor in 0.00 ms.
Unloading 13 Unused Serialized files (Serialized files now loaded: 0)
Unloading 6442 unused Assets / (4.4 MB). Loaded Objects now: 7435.
Memory consumption went from 172.2 MB to 167.8 MB.
Total: 13.376700 ms (FindLiveObjects: 1.001100 ms CreateObjectMapping: 1.930200 ms MarkObjects: 6.363000 ms  DeleteObjects: 4.080100 ms)

Prepare: number of updated asset objects reloaded= 0
